#
# There is insufficient memory for the Java Runtime Environment to continue.
# Native memory allocation (malloc) failed to allocate 1089616 bytes for Chunk::new
# Possible reasons:
#   The system is out of physical RAM or swap space
#   The process is running with CompressedOops enabled, and the Java Heap may be blocking the growth of the native heap
# Possible solutions:
#   Reduce memory load on the system
#   Increase physical memory or swap space
#   Check if swap backing store is full
#   Decrease Java heap size (-Xmx/-Xms)
#   Decrease number of Java threads
#   Decrease Java thread stack sizes (-Xss)
#   Set larger code cache with -XX:ReservedCodeCacheSize=
#   JVM is running with Unscaled Compressed Oops mode in which the Java heap is
#     placed in the first 4GB address space. The Java Heap base address is the
#     maximum limit for the native heap growth. Please use -XX:HeapBaseMinAddress
#     to set the Java Heap base and to place the Java Heap above 4GB virtual address.
# This output file may be truncated or incomplete.
#
#  Out of Memory Error (allocation.cpp:390), pid=8200, tid=0x0000000000003f70
#
# JRE version: Java(TM) SE Runtime Environment (8.0_201-b09) (build 1.8.0_201-b09)
# Java VM: Java HotSpot(TM) 64-Bit Server VM (25.201-b09 mixed mode windows-amd64 compressed oops)
# Failed to write core dump. Minidumps are not enabled by default on client versions of Windows
#

---------------  T H R E A D  ---------------

Current thread (0x000000001842e000):  JavaThread "C2 CompilerThread0" daemon [_thread_in_native, id=16240, stack(0x0000000018de0000,0x0000000018ee0000)]

Stack: [0x0000000018de0000,0x0000000018ee0000]
[error occurred during error reporting (printing stack bounds), id 0xc0000005]

Native frames: (J=compiled Java code, j=interpreted, Vv=VM code, C=native code)


Current CompileTask:
C2:  67997 7026 %     4       org.eclipse.jdt.internal.core.search.indexing.BinaryIndexer::extractReferenceFromConstantPool @ 147 (341 bytes)


---------------  P R O C E S S  ---------------

Java Threads: ( => current thread )
  0x000000001c84f000 JavaThread "ForkJoinPool.commonPool-worker-1" daemon [_thread_blocked, id=12064, stack(0x0000000024360000,0x0000000024460000)]
  0x000000001c850800 JavaThread "Worker-6: Java indexing... " [_thread_blocked, id=2616, stack(0x0000000024260000,0x0000000024360000)]
  0x000000001c84d800 JavaThread "Timer-10" [_thread_blocked, id=9124, stack(0x0000000024160000,0x0000000024260000)]
  0x000000001c849000 JavaThread "Timer-9" [_thread_blocked, id=7220, stack(0x0000000024060000,0x0000000024160000)]
  0x00000000193f6800 JavaThread "pool-2-thread-1" [_thread_in_native, id=5788, stack(0x0000000022d60000,0x0000000022e60000)]
  0x00000000193f5000 JavaThread "Worker-5: Synchronize Gradle projects with workspace" [_thread_blocked, id=13472, stack(0x0000000022c60000,0x0000000022d60000)]
  0x00000000193f2000 JavaThread "Bundle File Closer" daemon [_thread_blocked, id=2812, stack(0x000000001f8e0000,0x000000001f9e0000)]
  0x000000001a4d6800 JavaThread "Worker-4: Initialize workspace" [_thread_blocked, id=4872, stack(0x000000001eae0000,0x000000001ebe0000)]
  0x000000001a4d5800 JavaThread "Worker-3" [_thread_blocked, id=16208, stack(0x000000001e7d0000,0x000000001e8d0000)]
  0x000000001a4d2800 JavaThread "Java indexing" daemon [_thread_blocked, id=3392, stack(0x000000001d700000,0x000000001d800000)]
  0x000000001a4d2000 JavaThread "Worker-2: Updating workspace" [_thread_blocked, id=6276, stack(0x000000001d400000,0x000000001d500000)]
  0x000000001a4d0800 JavaThread "Worker-1: Compacting resource model" [_thread_blocked, id=15616, stack(0x000000001d300000,0x000000001d400000)]
  0x000000001a4d1000 JavaThread "Worker-0: Refreshing workspace" [_thread_blocked, id=1532, stack(0x000000001d000000,0x000000001d100000)]
  0x000000001a4d5000 JavaThread "Worker-JM" [_thread_blocked, id=12648, stack(0x000000001cd00000,0x000000001ce00000)]
  0x0000000019917000 JavaThread "Refresh Thread: Equinox Container: a2ae30d1-1386-4027-ab1d-5007c62ee70a" daemon [_thread_blocked, id=12976, stack(0x000000001b530000,0x000000001b630000)]
  0x00000000184fe800 JavaThread "Start Level: Equinox Container: a2ae30d1-1386-4027-ab1d-5007c62ee70a" daemon [_thread_blocked, id=10656, stack(0x000000001b430000,0x000000001b530000)]
  0x00000000184fd800 JavaThread "Framework Event Dispatcher: Equinox Container: a2ae30d1-1386-4027-ab1d-5007c62ee70a" daemon [_thread_blocked, id=7120, stack(0x000000001b330000,0x000000001b430000)]
  0x0000000019678800 JavaThread "Active Thread: Equinox Container: a2ae30d1-1386-4027-ab1d-5007c62ee70a" [_thread_blocked, id=13796, stack(0x000000001b230000,0x000000001b330000)]
  0x00000000184d2800 JavaThread "Service Thread" daemon [_thread_blocked, id=13732, stack(0x00000000190e0000,0x00000000191e0000)]
  0x0000000018434000 JavaThread "C1 CompilerThread2" daemon [_thread_blocked, id=11092, stack(0x0000000018fe0000,0x00000000190e0000)]
  0x000000001842e800 JavaThread "C2 CompilerThread1" daemon [_thread_blocked, id=15796, stack(0x0000000018ee0000,0x0000000018fe0000)]
=>0x000000001842e000 JavaThread "C2 CompilerThread0" daemon [_thread_in_native, id=16240, stack(0x0000000018de0000,0x0000000018ee0000)]
  0x000000001842c800 JavaThread "Attach Listener" daemon [_thread_blocked, id=7996, stack(0x0000000018ce0000,0x0000000018de0000)]
  0x000000001842a000 JavaThread "Signal Dispatcher" daemon [_thread_blocked, id=6572, stack(0x0000000018be0000,0x0000000018ce0000)]
  0x0000000018432000 JavaThread "Surrogate Locker Thread (Concurrent GC)" daemon [_thread_blocked, id=3600, stack(0x0000000018ae0000,0x0000000018be0000)]
  0x00000000183b2000 JavaThread "Finalizer" daemon [_thread_blocked, id=2020, stack(0x00000000188e0000,0x00000000189e0000)]
  0x00000000183ac800 JavaThread "Reference Handler" daemon [_thread_blocked, id=5768, stack(0x00000000187e0000,0x00000000188e0000)]
  0x00000000027a2800 JavaThread "main" [_thread_blocked, id=16028, stack(0x00000000025f0000,0x00000000026f0000)]

Other Threads:
  0x00000000183a8000 VMThread [stack: 0x00000000186e0000,0x00000000187e0000] [id=11096]
  0x00000000184d7000 WatcherThread [stack: 0x00000000191e0000,0x00000000192e0000] [id=11664]

VM state:at safepoint (normal execution)

VM Mutex/Monitor currently owned by a thread:  ([mutex/lock_event])
[0x00000000027a11d0] Threads_lock - owner thread: 0x00000000183a8000
[0x00000000027a1050] Heap_lock - owner thread: 0x00000000193f5000

heap address: 0x00000000c0000000, size: 1024 MB, Compressed Oops mode: 32-bit
Narrow klass base: 0x0000000000000000, Narrow klass shift: 3
Compressed class space size: 1073741824 Address: 0x0000000100000000

Heap:
 garbage-first heap   total 169984K, used 140588K [0x00000000c0000000, 0x00000000c0100530, 0x0000000100000000)
  region size 1024K, 42 young (43008K), 8 survivors (8192K)
 Metaspace       used 54609K, capacity 57426K, committed 57724K, reserved 1099776K
  class space    used 6617K, capacity 7501K, committed 7548K, reserved 1048576K

Heap Regions: (Y=young(eden), SU=young(survivor), HS=humongous(starts), HC=humongous(continues), CS=collection set, F=free, TS=gc time stamp, PTAMS=previous top-at-mark-start, NTAMS=next top-at-mark-start)
AC   0  O    TS     0 PTAMS 0x00000000c0100000 NTAMS 0x00000000c0100000 space 1024K, 100% used [0x00000000c0000000, 0x00000000c0100000)
AC   0  O    TS     0 PTAMS 0x00000000c0200000 NTAMS 0x00000000c0200000 space 1024K, 100% used [0x00000000c0100000, 0x00000000c0200000)
AC   0  O    TS     0 PTAMS 0x00000000c0300000 NTAMS 0x00000000c0300000 space 1024K, 100% used [0x00000000c0200000, 0x00000000c0300000)
AC   0  O    TS     0 PTAMS 0x00000000c0400000 NTAMS 0x00000000c0400000 space 1024K, 100% used [0x00000000c0300000, 0x00000000c0400000)
AC   0  O    TS     0 PTAMS 0x00000000c0500000 NTAMS 0x00000000c0500000 space 1024K, 100% used [0x00000000c0400000, 0x00000000c0500000)
AC   0  O    TS     5 PTAMS 0x00000000c0500000 NTAMS 0x00000000c0600000 space 1024K, 100% used [0x00000000c0500000, 0x00000000c0600000)
AC   0  O    TS     0 PTAMS 0x00000000c0700000 NTAMS 0x00000000c0700000 space 1024K, 100% used [0x00000000c0600000, 0x00000000c0700000)
AC   0  O    TS     0 PTAMS 0x00000000c0800000 NTAMS 0x00000000c0800000 space 1024K, 100% used [0x00000000c0700000, 0x00000000c0800000)
AC   0  O    TS     0 PTAMS 0x00000000c0900000 NTAMS 0x00000000c0900000 space 1024K, 100% used [0x00000000c0800000, 0x00000000c0900000)
AC   0  O    TS     5 PTAMS 0x00000000c0900000 NTAMS 0x00000000c0a00000 space 1024K, 100% used [0x00000000c0900000, 0x00000000c0a00000)
AC   0  O    TS     0 PTAMS 0x00000000c0b00000 NTAMS 0x00000000c0b00000 space 1024K, 100% used [0x00000000c0a00000, 0x00000000c0b00000)
AC   0  O    TS     0 PTAMS 0x00000000c0c00000 NTAMS 0x00000000c0c00000 space 1024K, 100% used [0x00000000c0b00000, 0x00000000c0c00000)
AC   0  O    TS     3 PTAMS 0x00000000c0c00000 NTAMS 0x00000000c0d00000 space 1024K, 100% used [0x00000000c0c00000, 0x00000000c0d00000)
AC   0  O    TS     5 PTAMS 0x00000000c0d00000 NTAMS 0x00000000c0e00000 space 1024K, 100% used [0x00000000c0d00000, 0x00000000c0e00000)
AC   0  O    TS     0 PTAMS 0x00000000c0f00000 NTAMS 0x00000000c0f00000 space 1024K, 100% used [0x00000000c0e00000, 0x00000000c0f00000)
AC   0  O    TS     0 PTAMS 0x00000000c1000000 NTAMS 0x00000000c1000000 space 1024K, 100% used [0x00000000c0f00000, 0x00000000c1000000)
AC   0  O    TS     0 PTAMS 0x00000000c1100000 NTAMS 0x00000000c1100000 space 1024K, 100% used [0x00000000c1000000, 0x00000000c1100000)
AC   0  O    TS     0 PTAMS 0x00000000c1200000 NTAMS 0x00000000c1200000 space 1024K, 100% used [0x00000000c1100000, 0x00000000c1200000)
AC   0  O    TS     5 PTAMS 0x00000000c1200000 NTAMS 0x00000000c1300000 space 1024K, 100% used [0x00000000c1200000, 0x00000000c1300000)
AC   0  O    TS     3 PTAMS 0x00000000c1300000 NTAMS 0x00000000c1400000 space 1024K, 100% used [0x00000000c1300000, 0x00000000c1400000)
AC   0  O    TS     3 PTAMS 0x00000000c1400000 NTAMS 0x00000000c1500000 space 1024K, 100% used [0x00000000c1400000, 0x00000000c1500000)
AC   0  O    TS     5 PTAMS 0x00000000c1500000 NTAMS 0x00000000c1600000 space 1024K, 100% used [0x00000000c1500000, 0x00000000c1600000)
AC   0  O    TS     3 PTAMS 0x00000000c1600000 NTAMS 0x00000000c1700000 space 1024K, 100% used [0x00000000c1600000, 0x00000000c1700000)
AC   0  O    TS     3 PTAMS 0x00000000c1700000 NTAMS 0x00000000c1800000 space 1024K, 100% used [0x00000000c1700000, 0x00000000c1800000)
AC   0  O    TS     3 PTAMS 0x00000000c1800000 NTAMS 0x00000000c1900000 space 1024K, 100% used [0x00000000c1800000, 0x00000000c1900000)
AC   0  O    TS     0 PTAMS 0x00000000c1a00000 NTAMS 0x00000000c1a00000 space 1024K, 100% used [0x00000000c1900000, 0x00000000c1a00000)
AC   0  O    TS     0 PTAMS 0x00000000c1b00000 NTAMS 0x00000000c1b00000 space 1024K, 100% used [0x00000000c1a00000, 0x00000000c1b00000)
AC   0  O    TS     0 PTAMS 0x00000000c1c00000 NTAMS 0x00000000c1c00000 space 1024K, 100% used [0x00000000c1b00000, 0x00000000c1c00000)
AC   0  O    TS     0 PTAMS 0x00000000c1d00000 NTAMS 0x00000000c1d00000 space 1024K, 100% used [0x00000000c1c00000, 0x00000000c1d00000)
AC   0  O    TS     0 PTAMS 0x00000000c1e00000 NTAMS 0x00000000c1e00000 space 1024K, 100% used [0x00000000c1d00000, 0x00000000c1e00000)
AC   0  O    TS     0 PTAMS 0x00000000c1f00000 NTAMS 0x00000000c1f00000 space 1024K, 100% used [0x00000000c1e00000, 0x00000000c1f00000)
AC   0  O    TS     5 PTAMS 0x00000000c1f00000 NTAMS 0x00000000c2000000 space 1024K, 100% used [0x00000000c1f00000, 0x00000000c2000000)
AC   0  O    TS     5 PTAMS 0x00000000c2000000 NTAMS 0x00000000c2100000 space 1024K, 100% used [0x00000000c2000000, 0x00000000c2100000)
AC   0  O    TS     0 PTAMS 0x00000000c2200000 NTAMS 0x00000000c2200000 space 1024K, 100% used [0x00000000c2100000, 0x00000000c2200000)
AC   0  O    TS     0 PTAMS 0x00000000c2300000 NTAMS 0x00000000c2300000 space 1024K, 100% used [0x00000000c2200000, 0x00000000c2300000)
AC   0  O    TS     0 PTAMS 0x00000000c2400000 NTAMS 0x00000000c2400000 space 1024K, 100% used [0x00000000c2300000, 0x00000000c2400000)
AC   0  O    TS     0 PTAMS 0x00000000c2500000 NTAMS 0x00000000c2500000 space 1024K, 100% used [0x00000000c2400000, 0x00000000c2500000)
AC   0  O    TS     0 PTAMS 0x00000000c2600000 NTAMS 0x00000000c2600000 space 1024K, 100% used [0x00000000c2500000, 0x00000000c2600000)
AC   0  O    TS     0 PTAMS 0x00000000c2700000 NTAMS 0x00000000c2700000 space 1024K, 100% used [0x00000000c2600000, 0x00000000c2700000)
AC   0  O    TS     0 PTAMS 0x00000000c2800000 NTAMS 0x00000000c2800000 space 1024K, 100% used [0x00000000c2700000, 0x00000000c2800000)
AC   0  O    TS     0 PTAMS 0x00000000c2900000 NTAMS 0x00000000c2900000 space 1024K, 100% used [0x00000000c2800000, 0x00000000c2900000)
AC   0  O    TS     0 PTAMS 0x00000000c2a00000 NTAMS 0x00000000c2a00000 space 1024K, 100% used [0x00000000c2900000, 0x00000000c2a00000)
AC   0  O    TS     0 PTAMS 0x00000000c2b00000 NTAMS 0x00000000c2b00000 space 1024K, 100% used [0x00000000c2a00000, 0x00000000c2b00000)
AC   0  O    TS     0 PTAMS 0x00000000c2c00000 NTAMS 0x00000000c2c00000 space 1024K, 100% used [0x00000000c2b00000, 0x00000000c2c00000)
AC   0  O    TS     0 PTAMS 0x00000000c2d00000 NTAMS 0x00000000c2d00000 space 1024K, 100% used [0x00000000c2c00000, 0x00000000c2d00000)
AC   0  O    TS     0 PTAMS 0x00000000c2e00000 NTAMS 0x00000000c2e00000 space 1024K, 100% used [0x00000000c2d00000, 0x00000000c2e00000)
AC   0 HS    TS     0 PTAMS 0x00000000c2e80010 NTAMS 0x00000000c2e80010 space 1024K,  50% used [0x00000000c2e00000, 0x00000000c2f00000)
AC   0  O    TS     0 PTAMS 0x00000000c3000000 NTAMS 0x00000000c3000000 space 1024K, 100% used [0x00000000c2f00000, 0x00000000c3000000)
AC   0 HS    TS     0 PTAMS 0x00000000c314a780 NTAMS 0x00000000c314a780 space 2048K,  64% used [0x00000000c3000000, 0x00000000c3200000)
AC   0 HC    TS     0 PTAMS 0x00000000c3100000 NTAMS 0x00000000c3100000 space 1024K,  29% used [0x00000000c3100000, 0x00000000c3200000)
AC   0  O    TS     5 PTAMS 0x00000000c3200000 NTAMS 0x00000000c3300000 space 1024K, 100% used [0x00000000c3200000, 0x00000000c3300000)
AC   0  O    TS     5 PTAMS 0x00000000c3300000 NTAMS 0x00000000c3400000 space 1024K, 100% used [0x00000000c3300000, 0x00000000c3400000)
AC   0  O    TS     5 PTAMS 0x00000000c3400000 NTAMS 0x00000000c3500000 space 1024K, 100% used [0x00000000c3400000, 0x00000000c3500000)
AC   0  O    TS     5 PTAMS 0x00000000c3500000 NTAMS 0x00000000c3600000 space 1024K, 100% used [0x00000000c3500000, 0x00000000c3600000)
AC   0  O    TS     5 PTAMS 0x00000000c3600000 NTAMS 0x00000000c3700000 space 1024K, 100% used [0x00000000c3600000, 0x00000000c3700000)
AC   0  O    TS     5 PTAMS 0x00000000c3700000 NTAMS 0x00000000c3800000 space 1024K, 100% used [0x00000000c3700000, 0x00000000c3800000)
AC   0  O    TS     5 PTAMS 0x00000000c3800000 NTAMS 0x00000000c3900000 space 1024K, 100% used [0x00000000c3800000, 0x00000000c3900000)
AC   0  O    TS     5 PTAMS 0x00000000c3900000 NTAMS 0x00000000c3a00000 space 1024K, 100% used [0x00000000c3900000, 0x00000000c3a00000)
AC   0  O    TS     5 PTAMS 0x00000000c3a00000 NTAMS 0x00000000c3b00000 space 1024K, 100% used [0x00000000c3a00000, 0x00000000c3b00000)
AC   0  O    TS     5 PTAMS 0x00000000c3b00000 NTAMS 0x00000000c3c00000 space 1024K, 100% used [0x00000000c3b00000, 0x00000000c3c00000)
AC   0  O    TS     5 PTAMS 0x00000000c3c00000 NTAMS 0x00000000c3d00000 space 1024K, 100% used [0x00000000c3c00000, 0x00000000c3d00000)
AC   0  E CS TS     5 PTAMS 0x00000000c3d00000 NTAMS 0x00000000c3e00000 space 1024K, 100% used [0x00000000c3d00000, 0x00000000c3e00000)
AC   0  E CS TS     5 PTAMS 0x00000000c3e00000 NTAMS 0x00000000c3f00000 space 1024K, 100% used [0x00000000c3e00000, 0x00000000c3f00000)
AC   0  E CS TS     5 PTAMS 0x00000000c3f00000 NTAMS 0x00000000c4000000 space 1024K, 100% used [0x00000000c3f00000, 0x00000000c4000000)
AC   0  E CS TS     5 PTAMS 0x00000000c4000000 NTAMS 0x00000000c4100000 space 1024K, 100% used [0x00000000c4000000, 0x00000000c4100000)
AC   0  E CS TS     5 PTAMS 0x00000000c4100000 NTAMS 0x00000000c4200000 space 1024K, 100% used [0x00000000c4100000, 0x00000000c4200000)
AC   0  O    TS     0 PTAMS 0x00000000c4300000 NTAMS 0x00000000c4300000 space 1024K, 100% used [0x00000000c4200000, 0x00000000c4300000)
AC   0  O    TS     0 PTAMS 0x00000000c4400000 NTAMS 0x00000000c4400000 space 1024K, 100% used [0x00000000c4300000, 0x00000000c4400000)
AC   0  O    TS     0 PTAMS 0x00000000c4500000 NTAMS 0x00000000c4500000 space 1024K, 100% used [0x00000000c4400000, 0x00000000c4500000)
AC   0  O    TS     0 PTAMS 0x00000000c4600000 NTAMS 0x00000000c4600000 space 1024K, 100% used [0x00000000c4500000, 0x00000000c4600000)
AC   0  O    TS     1 PTAMS 0x00000000c4683200 NTAMS 0x00000000c4700000 space 1024K, 100% used [0x00000000c4600000, 0x00000000c4700000)
AC   0  E CS TS     5 PTAMS 0x00000000c4700000 NTAMS 0x00000000c4800000 space 1024K, 100% used [0x00000000c4700000, 0x00000000c4800000)
AC   0  E CS TS     5 PTAMS 0x00000000c4800000 NTAMS 0x00000000c4900000 space 1024K, 100% used [0x00000000c4800000, 0x00000000c4900000)
AC   0  E CS TS     5 PTAMS 0x00000000c4900000 NTAMS 0x00000000c4a00000 space 1024K, 100% used [0x00000000c4900000, 0x00000000c4a00000)
AC   0  O    TS     7 PTAMS 0x00000000c4a00000 NTAMS 0x00000000c4b00000 space 1024K, 100% used [0x00000000c4a00000, 0x00000000c4b00000)
AC   0  O    TS     7 PTAMS 0x00000000c4b00000 NTAMS 0x00000000c4c00000 space 1024K, 100% used [0x00000000c4b00000, 0x00000000c4c00000)
AC   0  O    TS     7 PTAMS 0x00000000c4c00000 NTAMS 0x00000000c4d00000 space 1024K, 100% used [0x00000000c4c00000, 0x00000000c4d00000)
AC   0  O    TS     7 PTAMS 0x00000000c4d00000 NTAMS 0x00000000c4e00000 space 1024K, 100% used [0x00000000c4d00000, 0x00000000c4e00000)
AC   0  O    TS     7 PTAMS 0x00000000c4e00000 NTAMS 0x00000000c4f00000 space 1024K, 100% used [0x00000000c4e00000, 0x00000000c4f00000)
AC   0  O    TS     7 PTAMS 0x00000000c4f00000 NTAMS 0x00000000c5000000 space 1024K, 100% used [0x00000000c4f00000, 0x00000000c5000000)
AC   0  O    TS     7 PTAMS 0x00000000c5000000 NTAMS 0x00000000c5100000 space 1024K, 100% used [0x00000000c5000000, 0x00000000c5100000)
AC   0  O    TS     7 PTAMS 0x00000000c5100000 NTAMS 0x00000000c5200000 space 1024K, 100% used [0x00000000c5100000, 0x00000000c5200000)
AC   0  O    TS     7 PTAMS 0x00000000c5200000 NTAMS 0x00000000c5300000 space 1024K, 100% used [0x00000000c5200000, 0x00000000c5300000)
AC   0  O    TS     7 PTAMS 0x00000000c5300000 NTAMS 0x00000000c5400000 space 1024K, 100% used [0x00000000c5300000, 0x00000000c5400000)
AC   0  O    TS     7 PTAMS 0x00000000c5400000 NTAMS 0x00000000c5500000 space 1024K, 100% used [0x00000000c5400000, 0x00000000c5500000)
AC   0  O    TS     7 PTAMS 0x00000000c5500000 NTAMS 0x00000000c5600000 space 1024K, 100% used [0x00000000c5500000, 0x00000000c5600000)
AC   0  O    TS     7 PTAMS 0x00000000c5600000 NTAMS 0x00000000c5700000 space 1024K, 100% used [0x00000000c5600000, 0x00000000c5700000)
AC   0  O    TS     7 PTAMS 0x00000000c5700000 NTAMS 0x00000000c5800000 space 1024K,  99% used [0x00000000c5700000, 0x00000000c5800000)
AC   0  F    TS     0 PTAMS 0x00000000c5800000 NTAMS 0x00000000c5800000 space 1024K,   0% used [0x00000000c5800000, 0x00000000c5900000)
AC   0  F    TS     0 PTAMS 0x00000000c5900000 NTAMS 0x00000000c5900000 space 1024K,   0% used [0x00000000c5900000, 0x00000000c5a00000)
AC   0  F    TS     0 PTAMS 0x00000000c5a00000 NTAMS 0x00000000c5a00000 space 1024K,   0% used [0x00000000c5a00000, 0x00000000c5b00000)
AC   0  F    TS     0 PTAMS 0x00000000c5b00000 NTAMS 0x00000000c5b00000 space 1024K,   0% used [0x00000000c5b00000, 0x00000000c5c00000)
AC   0  F    TS     0 PTAMS 0x00000000c5c00000 NTAMS 0x00000000c5c00000 space 1024K,   0% used [0x00000000c5c00000, 0x00000000c5d00000)
AC   0  F    TS     0 PTAMS 0x00000000c5d00000 NTAMS 0x00000000c5d00000 space 1024K,   0% used [0x00000000c5d00000, 0x00000000c5e00000)
AC   0  F    TS     0 PTAMS 0x00000000c5e00000 NTAMS 0x00000000c5e00000 space 1024K,   0% used [0x00000000c5e00000, 0x00000000c5f00000)
AC   0  S    TS     7 PTAMS 0x00000000c5f00000 NTAMS 0x00000000c5f00000 space 1024K, 100% used [0x00000000c5f00000, 0x00000000c6000000)
AC   0  S    TS     7 PTAMS 0x00000000c6000000 NTAMS 0x00000000c6000000 space 1024K, 100% used [0x00000000c6000000, 0x00000000c6100000)
AC   0  S    TS     7 PTAMS 0x00000000c6100000 NTAMS 0x00000000c6100000 space 1024K, 100% used [0x00000000c6100000, 0x00000000c6200000)
AC   0  S    TS     7 PTAMS 0x00000000c6200000 NTAMS 0x00000000c6200000 space 1024K, 100% used [0x00000000c6200000, 0x00000000c6300000)
AC   0  S    TS     7 PTAMS 0x00000000c6300000 NTAMS 0x00000000c6300000 space 1024K, 100% used [0x00000000c6300000, 0x00000000c6400000)
AC   0  S    TS     7 PTAMS 0x00000000c6400000 NTAMS 0x00000000c6400000 space 1024K, 100% used [0x00000000c6400000, 0x00000000c6500000)
AC   0  E CS TS     0 PTAMS 0x00000000c6500000 NTAMS 0x00000000c6600000 space 1024K, 100% used [0x00000000c6500000, 0x00000000c6600000)
AC   0  E CS TS     0 PTAMS 0x00000000c6600000 NTAMS 0x00000000c6700000 space 1024K, 100% used [0x00000000c6600000, 0x00000000c6700000)
AC   0  E CS TS     0 PTAMS 0x00000000c6700000 NTAMS 0x00000000c6800000 space 1024K, 100% used [0x00000000c6700000, 0x00000000c6800000)
AC   0  E CS TS     0 PTAMS 0x00000000c6800000 NTAMS 0x00000000c6900000 space 1024K, 100% used [0x00000000c6800000, 0x00000000c6900000)
AC   0  E CS TS     0 PTAMS 0x00000000c6900000 NTAMS 0x00000000c6a00000 space 1024K, 100% used [0x00000000c6900000, 0x00000000c6a00000)
AC   0  E CS TS     0 PTAMS 0x00000000c6a00000 NTAMS 0x00000000c6b00000 space 1024K, 100% used [0x00000000c6a00000, 0x00000000c6b00000)
AC   0  E CS TS     0 PTAMS 0x00000000c6b00000 NTAMS 0x00000000c6c00000 space 1024K, 100% used [0x00000000c6b00000, 0x00000000c6c00000)
AC   0  E CS TS     0 PTAMS 0x00000000c6c00000 NTAMS 0x00000000c6d00000 space 1024K, 100% used [0x00000000c6c00000, 0x00000000c6d00000)
AC   0  E CS TS     0 PTAMS 0x00000000c6d00000 NTAMS 0x00000000c6e00000 space 1024K, 100% used [0x00000000c6d00000, 0x00000000c6e00000)
AC   0  E CS TS     0 PTAMS 0x00000000c6e00000 NTAMS 0x00000000c6f00000 space 1024K, 100% used [0x00000000c6e00000, 0x00000000c6f00000)
AC   0  E CS TS     0 PTAMS 0x00000000c6f00000 NTAMS 0x00000000c7000000 space 1024K, 100% used [0x00000000c6f00000, 0x00000000c7000000)
AC   0  E CS TS     0 PTAMS 0x00000000c7000000 NTAMS 0x00000000c7100000 space 1024K, 100% used [0x00000000c7000000, 0x00000000c7100000)
AC   0  E CS TS     0 PTAMS 0x00000000c7100000 NTAMS 0x00000000c7200000 space 1024K, 100% used [0x00000000c7100000, 0x00000000c7200000)
AC   0  E CS TS     0 PTAMS 0x00000000c7200000 NTAMS 0x00000000c7300000 space 1024K, 100% used [0x00000000c7200000, 0x00000000c7300000)
AC   0  E CS TS     0 PTAMS 0x00000000c7300000 NTAMS 0x00000000c7400000 space 1024K, 100% used [0x00000000c7300000, 0x00000000c7400000)
AC   0  E CS TS     0 PTAMS 0x00000000c7400000 NTAMS 0x00000000c7500000 space 1024K, 100% used [0x00000000c7400000, 0x00000000c7500000)
AC   0  E CS TS     0 PTAMS 0x00000000c7500000 NTAMS 0x00000000c7600000 space 1024K, 100% used [0x00000000c7500000, 0x00000000c7600000)
AC   0  E CS TS     0 PTAMS 0x00000000c7600000 NTAMS 0x00000000c7700000 space 1024K, 100% used [0x00000000c7600000, 0x00000000c7700000)
AC   0  E CS TS     0 PTAMS 0x00000000c7700000 NTAMS 0x00000000c7800000 space 1024K, 100% used [0x00000000c7700000, 0x00000000c7800000)
AC   0  E CS TS     0 PTAMS 0x00000000c7800000 NTAMS 0x00000000c7900000 space 1024K, 100% used [0x00000000c7800000, 0x00000000c7900000)
AC   0  E CS TS     0 PTAMS 0x00000000c7900000 NTAMS 0x00000000c7a00000 space 1024K, 100% used [0x00000000c7900000, 0x00000000c7a00000)
AC   0  E CS TS     0 PTAMS 0x00000000c7a00000 NTAMS 0x00000000c7b00000 space 1024K, 100% used [0x00000000c7a00000, 0x00000000c7b00000)
AC   0  E CS TS     0 PTAMS 0x00000000c7b00000 NTAMS 0x00000000c7c00000 space 1024K, 100% used [0x00000000c7b00000, 0x00000000c7c00000)
AC   0  E CS TS     0 PTAMS 0x00000000c7c00000 NTAMS 0x00000000c7d00000 space 1024K, 100% used [0x00000000c7c00000, 0x00000000c7d00000)
AC   0  E CS TS     0 PTAMS 0x00000000c7d00000 NTAMS 0x00000000c7e00000 space 1024K, 100% used [0x00000000c7d00000, 0x00000000c7e00000)
AC   0  E CS TS     3 PTAMS 0x00000000c7e00000 NTAMS 0x00000000c7f00000 space 1024K, 100% used [0x00000000c7e00000, 0x00000000c7f00000)
AC   0  E CS TS     0 PTAMS 0x00000000c7f00000 NTAMS 0x00000000c8000000 space 1024K, 100% used [0x00000000c7f00000, 0x00000000c8000000)
AC   0 HS    TS     0 PTAMS 0x00000000c8000000 NTAMS 0x00000000c9580b28 space 22528K,  97% used [0x00000000c8000000, 0x00000000c9600000)
AC   0 HC    TS     0 PTAMS 0x00000000c8100000 NTAMS 0x00000000c8100000 space 1024K, 100% used [0x00000000c8100000, 0x00000000c8200000)
AC   0 HC    TS     0 PTAMS 0x00000000c8200000 NTAMS 0x00000000c8200000 space 1024K, 100% used [0x00000000c8200000, 0x00000000c8300000)
AC   0 HC    TS     0 PTAMS 0x00000000c8300000 NTAMS 0x00000000c8300000 space 1024K, 100% used [0x00000000c8300000, 0x00000000c8400000)
AC   0 HC    TS     0 PTAMS 0x00000000c8400000 NTAMS 0x00000000c8400000 space 1024K, 100% used [0x00000000c8400000, 0x00000000c8500000)
AC   0 HC    TS     0 PTAMS 0x00000000c8500000 NTAMS 0x00000000c8500000 space 1024K, 100% used [0x00000000c8500000, 0x00000000c8600000)
AC   0 HC    TS     0 PTAMS 0x00000000c8600000 NTAMS 0x00000000c8600000 space 1024K, 100% used [0x00000000c8600000, 0x00000000c8700000)
AC   0 HC    TS     0 PTAMS 0x00000000c8700000 NTAMS 0x00000000c8700000 space 1024K, 100% used [0x00000000c8700000, 0x00000000c8800000)
AC   0 HC    TS     0 PTAMS 0x00000000c8800000 NTAMS 0x00000000c8800000 space 1024K, 100% used [0x00000000c8800000, 0x00000000c8900000)
AC   0 HC    TS     0 PTAMS 0x00000000c8900000 NTAMS 0x00000000c8900000 space 1024K, 100% used [0x00000000c8900000, 0x00000000c8a00000)
AC   0 HC    TS     0 PTAMS 0x00000000c8a00000 NTAMS 0x00000000c8a00000 space 1024K, 100% used [0x00000000c8a00000, 0x00000000c8b00000)
AC   0 HC    TS     0 PTAMS 0x00000000c8b00000 NTAMS 0x00000000c8b00000 space 1024K, 100% used [0x00000000c8b00000, 0x00000000c8c00000)
AC   0 HC    TS     0 PTAMS 0x00000000c8c00000 NTAMS 0x00000000c8c00000 space 1024K, 100% used [0x00000000c8c00000, 0x00000000c8d00000)
AC   0 HC    TS     0 PTAMS 0x00000000c8d00000 NTAMS 0x00000000c8d00000 space 1024K, 100% used [0x00000000c8d00000, 0x00000000c8e00000)
AC   0 HC    TS     0 PTAMS 0x00000000c8e00000 NTAMS 0x00000000c8e00000 space 1024K, 100% used [0x00000000c8e00000, 0x00000000c8f00000)
AC   0 HC    TS     0 PTAMS 0x00000000c8f00000 NTAMS 0x00000000c8f00000 space 1024K, 100% used [0x00000000c8f00000, 0x00000000c9000000)
AC   0 HC    TS     0 PTAMS 0x00000000c9000000 NTAMS 0x00000000c9000000 space 1024K, 100% used [0x00000000c9000000, 0x00000000c9100000)
AC   0 HC    TS     0 PTAMS 0x00000000c9100000 NTAMS 0x00000000c9100000 space 1024K, 100% used [0x00000000c9100000, 0x00000000c9200000)
AC   0 HC    TS     0 PTAMS 0x00000000c9200000 NTAMS 0x00000000c9200000 space 1024K, 100% used [0x00000000c9200000, 0x00000000c9300000)
AC   0 HC    TS     0 PTAMS 0x00000000c9300000 NTAMS 0x00000000c9300000 space 1024K, 100% used [0x00000000c9300000, 0x00000000c9400000)
AC   0 HC    TS     0 PTAMS 0x00000000c9400000 NTAMS 0x00000000c9400000 space 1024K, 100% used [0x00000000c9400000, 0x00000000c9500000)
AC   0 HC    TS     0 PTAMS 0x00000000c9500000 NTAMS 0x00000000c9500000 space 1024K,  50% used [0x00000000c9500000, 0x00000000c9600000)
AC   0  E CS TS     1 PTAMS 0x00000000c9600000 NTAMS 0x00000000c9700000 space 1024K, 100% used [0x00000000c9600000, 0x00000000c9700000)
AC   0  E CS TS     1 PTAMS 0x00000000c9700000 NTAMS 0x00000000c9800000 space 1024K, 100% used [0x00000000c9700000, 0x00000000c9800000)
AC   0  E CS TS     1 PTAMS 0x00000000c9800000 NTAMS 0x00000000c9900000 space 1024K, 100% used [0x00000000c9800000, 0x00000000c9900000)
AC   0  E CS TS     1 PTAMS 0x00000000c9900000 NTAMS 0x00000000c9a00000 space 1024K, 100% used [0x00000000c9900000, 0x00000000c9a00000)
AC   0  E CS TS     1 PTAMS 0x00000000c9a00000 NTAMS 0x00000000c9b00000 space 1024K, 100% used [0x00000000c9a00000, 0x00000000c9b00000)
AC   0  E CS TS     1 PTAMS 0x00000000c9b00000 NTAMS 0x00000000c9c00000 space 1024K, 100% used [0x00000000c9b00000, 0x00000000c9c00000)
AC   0  E CS TS     1 PTAMS 0x00000000c9c00000 NTAMS 0x00000000c9d00000 space 1024K, 100% used [0x00000000c9c00000, 0x00000000c9d00000)
AC   0  O    TS     1 PTAMS 0x00000000c9d00000 NTAMS 0x00000000c9e00000 space 1024K, 100% used [0x00000000c9d00000, 0x00000000c9e00000)
AC   0  O    TS     1 PTAMS 0x00000000c9e00000 NTAMS 0x00000000c9f00000 space 1024K, 100% used [0x00000000c9e00000, 0x00000000c9f00000)
AC   0  O    TS     1 PTAMS 0x00000000c9f00000 NTAMS 0x00000000ca000000 space 1024K, 100% used [0x00000000c9f00000, 0x00000000ca000000)
AC   0  O    TS     1 PTAMS 0x00000000ca000000 NTAMS 0x00000000ca100000 space 1024K, 100% used [0x00000000ca000000, 0x00000000ca100000)
AC   0  O    TS     1 PTAMS 0x00000000ca100000 NTAMS 0x00000000ca200000 space 1024K, 100% used [0x00000000ca100000, 0x00000000ca200000)
AC   0  O    TS     1 PTAMS 0x00000000ca200000 NTAMS 0x00000000ca300000 space 1024K, 100% used [0x00000000ca200000, 0x00000000ca300000)
AC   0  O    TS     1 PTAMS 0x00000000ca300000 NTAMS 0x00000000ca400000 space 1024K, 100% used [0x00000000ca300000, 0x00000000ca400000)
AC   0  O    TS     1 PTAMS 0x00000000ca400000 NTAMS 0x00000000ca500000 space 1024K, 100% used [0x00000000ca400000, 0x00000000ca500000)
AC   0  O    TS     3 PTAMS 0x00000000ca500000 NTAMS 0x00000000ca600000 space 1024K, 100% used [0x00000000ca500000, 0x00000000ca600000)

Card table byte_map: [0x0000000012da0000,0x0000000012fa0000] byte_map_base: 0x00000000127a0000

Marking Bits (Prev, Next): (CMBitMap*) 0x00000000027d8990, (CMBitMap*) 0x00000000027d8938
 Prev Bits: [0x00000000141a0000, 0x00000000151a0000)
 Next Bits: [0x00000000131a0000, 0x00000000141a0000)

Polling page: 0x0000000000870000

CodeCache: size=245760Kb used=20810Kb max_used=20810Kb free=224949Kb
 bounds [0x00000000028a0000, 0x0000000003d10000, 0x00000000118a0000]
 total_blobs=6304 nmethods=5713 adapters=501
 compilation: enabled

Compilation events (10 events):
Event: 67.857 Thread 0x0000000018434000 7035       3       org.eclipse.jdt.internal.compiler.classfmt.InnerClassInfo::getEnclosingTypeName (73 bytes)
Event: 67.858 Thread 0x0000000018434000 nmethod 7035 0x0000000003d07390 code [0x0000000003d07520, 0x0000000003d07ae8]
Event: 67.858 Thread 0x0000000018434000 7036       3       org.eclipse.jdt.internal.core.search.matching.ConstructorPattern::createDeclarationIndexKey (593 bytes)
Event: 67.860 Thread 0x0000000018434000 nmethod 7036 0x0000000003d07d90 code [0x0000000003d08100, 0x0000000003d0a1f8]
Event: 67.860 Thread 0x0000000018434000 7037       3       org.eclipse.jdt.internal.core.search.indexing.AbstractIndexer::addConstructorDeclaration (90 bytes)
Event: 67.861 Thread 0x0000000018434000 nmethod 7037 0x0000000003d0b750 code [0x0000000003d0b940, 0x0000000003d0c3c8]
Event: 67.862 Thread 0x0000000018434000 7038       3       org.eclipse.jdt.internal.core.search.indexing.BinaryIndexer::convertToArrayType (75 bytes)
Event: 67.862 Thread 0x0000000018434000 nmethod 7038 0x0000000003cfe090 code [0x0000000003cfe220, 0x0000000003cfe768]
Event: 67.865 Thread 0x0000000018434000 7040       3       org.eclipse.jdt.internal.compiler.classfmt.InnerClassInfo::getSourceName (57 bytes)
Event: 67.866 Thread 0x0000000018434000 nmethod 7040 0x0000000003d0cad0 code [0x0000000003d0cc60, 0x0000000003d0d0c8]

GC Heap History (10 events):
Event: 67.084 GC heap before
{Heap before GC invocations=21 (full 0):
 garbage-first heap   total 131072K, used 113439K [0x00000000c0000000, 0x00000000c0100400, 0x0000000100000000)
  region size 1024K, 65 young (66560K), 4 survivors (4096K)
 Metaspace       used 54245K, capacity 57004K, committed 57212K, reserved 1099776K
  class space    used 6593K, capacity 7468K, committed 7548K, reserved 1048576K
Event: 67.092 GC heap after
Heap after GC invocations=22 (full 0):
 garbage-first heap   total 131072K, used 56884K [0x00000000c0000000, 0x00000000c0100400, 0x0000000100000000)
  region size 1024K, 9 young (9216K), 9 survivors (9216K)
 Metaspace       used 54245K, capacity 57004K, committed 57212K, reserved 1099776K
  class space    used 6593K, capacity 7468K, committed 7548K, reserved 1048576K
}
Event: 67.178 GC heap before
{Heap before GC invocations=22 (full 0):
 garbage-first heap   total 131072K, used 67818K [0x00000000c0000000, 0x00000000c0100400, 0x0000000100000000)
  region size 1024K, 14 young (14336K), 9 survivors (9216K)
 Metaspace       used 54398K, capacity 57132K, committed 57468K, reserved 1099776K
  class space    used 6602K, capacity 7468K, committed 7548K, reserved 1048576K
Event: 67.185 GC heap after
Heap after GC invocations=23 (full 0):
 garbage-first heap   total 131072K, used 60379K [0x00000000c0000000, 0x00000000c0100400, 0x0000000100000000)
  region size 1024K, 3 young (3072K), 3 survivors (3072K)
 Metaspace       used 54398K, capacity 57132K, committed 57468K, reserved 1099776K
  class space    used 6602K, capacity 7468K, committed 7548K, reserved 1048576K
}
Event: 67.446 GC heap before
{Heap before GC invocations=24 (full 0):
 garbage-first heap   total 153600K, used 148889K [0x00000000c0000000, 0x00000000c01004b0, 0x0000000100000000)
  region size 1024K, 38 young (38912K), 3 survivors (3072K)
 Metaspace       used 54540K, capacity 57362K, committed 57468K, reserved 1099776K
  class space    used 6617K, capacity 7501K, committed 7548K, reserved 1048576K
Event: 67.462 GC heap after
Heap after GC invocations=25 (full 0):
 garbage-first heap   total 169984K, used 85804K [0x00000000c0000000, 0x00000000c0100530, 0x0000000100000000)
  region size 1024K, 7 young (7168K), 7 survivors (7168K)
 Metaspace       used 54540K, capacity 57362K, committed 57468K, reserved 1099776K
  class space    used 6617K, capacity 7501K, committed 7548K, reserved 1048576K
}
Event: 67.466 GC heap before
{Heap before GC invocations=25 (full 0):
 garbage-first heap   total 169984K, used 86828K [0x00000000c0000000, 0x00000000c0100530, 0x0000000100000000)
  region size 1024K, 8 young (8192K), 7 survivors (7168K)
 Metaspace       used 54540K, capacity 57362K, committed 57468K, reserved 1099776K
  class space    used 6617K, capacity 7501K, committed 7548K, reserved 1048576K
Event: 67.474 GC heap after
Heap after GC invocations=26 (full 0):
 garbage-first heap   total 169984K, used 80172K [0x00000000c0000000, 0x00000000c0100530, 0x0000000100000000)
  region size 1024K, 1 young (1024K), 1 survivors (1024K)
 Metaspace       used 54540K, capacity 57362K, committed 57468K, reserved 1099776K
  class space    used 6617K, capacity 7501K, committed 7548K, reserved 1048576K
}
Event: 67.689 GC heap before
{Heap before GC invocations=26 (full 0):
 garbage-first heap   total 169984K, used 141612K [0x00000000c0000000, 0x00000000c0100530, 0x0000000100000000)
  region size 1024K, 61 young (62464K), 1 survivors (1024K)
 Metaspace       used 54574K, capacity 57426K, committed 57724K, reserved 1099776K
  class space    used 6617K, capacity 7501K, committed 7548K, reserved 1048576K
Event: 67.714 GC heap after
Heap after GC invocations=27 (full 0):
 garbage-first heap   total 169984K, used 105772K [0x00000000c0000000, 0x00000000c0100530, 0x0000000100000000)
  region size 1024K, 8 young (8192K), 8 survivors (8192K)
 Metaspace       used 54574K, capacity 57426K, committed 57724K, reserved 1099776K
  class space    used 6617K, capacity 7501K, committed 7548K, reserved 1048576K
}

Deoptimization events (10 events):
Event: 66.543 Thread 0x00000000193f6800 Uncommon trap: reason=bimorphic action=maybe_recompile pc=0x0000000003997808 method=org.eclipse.jdt.internal.core.Openable.resource()Lorg/eclipse/core/resources/IResource; @ 24
Event: 66.599 Thread 0x00000000193f6800 Uncommon trap: reason=class_check action=maybe_recompile pc=0x0000000003548954 method=java.io.DataOutputStream.write(I)V @ 5
Event: 66.599 Thread 0x00000000193f6800 Uncommon trap: reason=bimorphic action=maybe_recompile pc=0x0000000003531248 method=java.io.DataOutputStream.writeShort(I)V @ 12
Event: 66.944 Thread 0x00000000193f6800 Uncommon trap: reason=class_check action=maybe_recompile pc=0x0000000002a496c0 method=org.eclipse.jdt.internal.core.JavaElement.getAncestor(I)Lorg/eclipse/jdt/core/IJavaElement; @ 6
Event: 66.975 Thread 0x000000001a4d2800 Uncommon trap: reason=unstable_if action=reinterpret pc=0x0000000003509ce4 method=org.eclipse.jdt.internal.compiler.util.SimpleLookupTable.put(Ljava/lang/Object;Ljava/lang/Object;)Ljava/lang/Object; @ 26
Event: 67.059 Thread 0x000000001c84f000 Uncommon trap: reason=unstable_if action=reinterpret pc=0x0000000003aae66c method=org.eclipse.jdt.ls.core.internal.CancellableProgressMonitor.isCanceled()Z @ 13
Event: 67.158 Thread 0x000000001c84a000 Uncommon trap: reason=unstable_if action=reinterpret pc=0x00000000035ad0f8 method=com.sun.crypto.provider.CipherBlockChaining.decrypt([BII[BI)I @ 33
Event: 67.223 Thread 0x000000001a4d2800 Uncommon trap: reason=unstable_if action=reinterpret pc=0x0000000003ae8fb0 method=org.eclipse.jdt.internal.compiler.util.SimpleLookupTable.put(Ljava/lang/Object;Ljava/lang/Object;)Ljava/lang/Object; @ 45
Event: 67.295 Thread 0x000000001c84a000 Uncommon trap: reason=unstable_if action=reinterpret pc=0x00000000030e0580 method=java.util.zip.GZIPInputStream.read([BII)I @ 25
Event: 67.317 Thread 0x000000001c84a000 Uncommon trap: reason=unstable_if action=reinterpret pc=0x000000000359be0c method=java.util.concurrent.ConcurrentHashMap.get(Ljava/lang/Object;)Ljava/lang/Object; @ 76

Classes redefined (0 events):
No events

Internal exceptions (10 events):
Event: 66.150 Thread 0x000000001a4d2000 Exception <a 'sun/nio/fs/WindowsException'> (0x00000000c6b32fe8) thrown at [C:\re\workspace\8-2-build-windows-amd64-cygwin\jdk8u201\12322\hotspot\src\share\vm\prims\jni.cpp, line 709]
Event: 66.153 Thread 0x000000001a4d2000 Exception <a 'java/io/FileNotFoundException'> (0x00000000c6b43a40) thrown at [C:\re\workspace\8-2-build-windows-amd64-cygwin\jdk8u201\12322\hotspot\src\share\vm\prims\jni.cpp, line 709]
Event: 66.155 Thread 0x000000001a4d2000 Exception <a 'java/io/FileNotFoundException'> (0x00000000c6b47790) thrown at [C:\re\workspace\8-2-build-windows-amd64-cygwin\jdk8u201\12322\hotspot\src\share\vm\prims\jni.cpp, line 709]
Event: 66.157 Thread 0x000000001a4d2000 Exception <a 'sun/nio/fs/WindowsException'> (0x00000000c6b4eb50) thrown at [C:\re\workspace\8-2-build-windows-amd64-cygwin\jdk8u201\12322\hotspot\src\share\vm\prims\jni.cpp, line 709]
Event: 66.157 Thread 0x000000001a4d2000 Exception <a 'sun/nio/fs/WindowsException'> (0x00000000c6b50408) thrown at [C:\re\workspace\8-2-build-windows-amd64-cygwin\jdk8u201\12322\hotspot\src\share\vm\prims\jni.cpp, line 709]
Event: 66.224 Thread 0x000000001a4d2000 Exception <a 'sun/nio/fs/WindowsException'> (0x00000000c6beb900) thrown at [C:\re\workspace\8-2-build-windows-amd64-cygwin\jdk8u201\12322\hotspot\src\share\vm\prims\jni.cpp, line 709]
Event: 66.298 Thread 0x000000001a4d2000 Implicit null exception at 0x0000000003020b58 to 0x0000000003020e51
Event: 66.301 Thread 0x00000000193f6800 Exception <a 'sun/nio/fs/WindowsException'> (0x00000000c69619c0) thrown at [C:\re\workspace\8-2-build-windows-amd64-cygwin\jdk8u201\12322\hotspot\src\share\vm\prims\jni.cpp, line 709]
Event: 66.318 Thread 0x00000000193f6800 Exception <a 'sun/nio/fs/WindowsException'> (0x00000000c697a670) thrown at [C:\re\workspace\8-2-build-windows-amd64-cygwin\jdk8u201\12322\hotspot\src\share\vm\prims\jni.cpp, line 709]
Event: 66.914 Thread 0x00000000193f6800 Exception <a 'java/lang/ArrayIndexOutOfBoundsException': 1347> (0x00000000c5c493c8) thrown at [C:\re\workspace\8-2-build-windows-amd64-cygwin\jdk8u201\12322\hotspot\src\share\vm\interpreter\interpreterRuntime.cpp, line 368]

Events (10 events):
Event: 67.763 Thread 0x000000001a4d2800 DEOPT PACKING pc=0x0000000002ef941b sp=0x000000001d7feab0
Event: 67.763 Thread 0x000000001a4d2800 DEOPT UNPACKING pc=0x00000000028e7890 sp=0x000000001d7fe7d0 mode 0
Event: 67.765 Thread 0x000000001a4d2800 DEOPT PACKING pc=0x00000000038bb3f3 sp=0x000000001d7fe940
Event: 67.765 Thread 0x000000001a4d2800 DEOPT UNPACKING pc=0x00000000028e7890 sp=0x000000001d7fe5d0 mode 0
Event: 67.767 Thread 0x000000001a4d2800 DEOPT PACKING pc=0x0000000002ef941b sp=0x000000001d7feab0
Event: 67.767 Thread 0x000000001a4d2800 DEOPT UNPACKING pc=0x00000000028e7890 sp=0x000000001d7fe7d0 mode 0
Event: 67.775 Executing VM operation: RevokeBias
Event: 67.775 Executing VM operation: RevokeBias done
Event: 67.775 Thread 0x000000001c84a000 Thread exited: 0x000000001c84a000
Event: 67.895 Executing VM operation: G1IncCollectionPause


Dynamic libraries:
0x00007ff7205b0000 - 0x00007ff7205e7000 	C:\Program Files\Java\jdk1.8.0_201\bin\java.exe
0x00007ff8f3920000 - 0x00007ff8f3b0d000 	C:\WINDOWS\SYSTEM32\ntdll.dll
0x00007ff8f0e40000 - 0x00007ff8f0ef3000 	C:\WINDOWS\System32\KERNEL32.DLL
0x00007ff8efb40000 - 0x00007ff8efdd3000 	C:\WINDOWS\System32\KERNELBASE.dll
0x00007ff8f0fc0000 - 0x00007ff8f1063000 	C:\WINDOWS\System32\ADVAPI32.dll
0x00007ff8f3850000 - 0x00007ff8f38ee000 	C:\WINDOWS\System32\msvcrt.dll
0x00007ff8f2d80000 - 0x00007ff8f2e1e000 	C:\WINDOWS\System32\sechost.dll
0x00007ff8f0b60000 - 0x00007ff8f0c82000 	C:\WINDOWS\System32\RPCRT4.dll
0x00007ff8f3500000 - 0x00007ff8f3697000 	C:\WINDOWS\System32\USER32.dll
0x00007ff8efde0000 - 0x00007ff8efe00000 	C:\WINDOWS\System32\win32u.dll
0x00007ff8f2aa0000 - 0x00007ff8f2ac9000 	C:\WINDOWS\System32\GDI32.dll
0x00007ff8effa0000 - 0x00007ff8f013a000 	C:\WINDOWS\System32\gdi32full.dll
0x00007ff8eff00000 - 0x00007ff8effa0000 	C:\WINDOWS\System32\msvcp_win.dll
0x00007ff8efe00000 - 0x00007ff8efefa000 	C:\WINDOWS\System32\ucrtbase.dll
0x00007ff8e56f0000 - 0x00007ff8e5969000 	C:\WINDOWS\WinSxS\amd64_microsoft.windows.common-controls_6595b64144ccf1df_6.0.17763.475_none_05b43ca607202c6c\COMCTL32.dll
0x00007ff8f2570000 - 0x00007ff8f289c000 	C:\WINDOWS\System32\combase.dll
0x00007ff8efa10000 - 0x00007ff8efa8e000 	C:\WINDOWS\System32\bcryptPrimitives.dll
0x00007ff8f0c90000 - 0x00007ff8f0cbe000 	C:\WINDOWS\System32\IMM32.DLL
0x000000006bf50000 - 0x000000006c021000 	C:\Program Files\Java\jdk1.8.0_201\jre\bin\msvcr100.dll
0x000000006b6a0000 - 0x000000006bf44000 	C:\Program Files\Java\jdk1.8.0_201\jre\bin\server\jvm.dll
0x00007ff8f1070000 - 0x00007ff8f1078000 	C:\WINDOWS\System32\PSAPI.DLL
0x00007ff8cfd90000 - 0x00007ff8cfd99000 	C:\WINDOWS\SYSTEM32\WSOCK32.dll
0x00007ff8f33d0000 - 0x00007ff8f343d000 	C:\WINDOWS\System32\WS2_32.dll
0x00007ff8edce0000 - 0x00007ff8edd04000 	C:\WINDOWS\SYSTEM32\WINMM.dll
0x00007ff8eb010000 - 0x00007ff8eb01a000 	C:\WINDOWS\SYSTEM32\VERSION.dll
0x00007ff8edcb0000 - 0x00007ff8edcdd000 	C:\WINDOWS\SYSTEM32\WINMMBASE.dll
0x00007ff8f0320000 - 0x00007ff8f036a000 	C:\WINDOWS\System32\cfgmgr32.dll
0x00007ff8e67a0000 - 0x00007ff8e67af000 	C:\Program Files\Java\jdk1.8.0_201\jre\bin\verify.dll
0x00007ff8bb690000 - 0x00007ff8bb6b9000 	C:\Program Files\Java\jdk1.8.0_201\jre\bin\java.dll
0x00007ff8c5f30000 - 0x00007ff8c5f46000 	C:\Program Files\Java\jdk1.8.0_201\jre\bin\zip.dll
0x00007ff8f1080000 - 0x00007ff8f2570000 	C:\WINDOWS\System32\SHELL32.dll
0x00007ff8f2c00000 - 0x00007ff8f2ca8000 	C:\WINDOWS\System32\shcore.dll
0x00007ff8f0400000 - 0x00007ff8f0b4a000 	C:\WINDOWS\System32\windows.storage.dll
0x00007ff8ef940000 - 0x00007ff8ef964000 	C:\WINDOWS\System32\profapi.dll
0x00007ff8ef970000 - 0x00007ff8ef9cd000 	C:\WINDOWS\System32\powrprof.dll
0x00007ff8f3440000 - 0x00007ff8f3492000 	C:\WINDOWS\System32\shlwapi.dll
0x00007ff8ef9d0000 - 0x00007ff8ef9e1000 	C:\WINDOWS\System32\kernel.appcore.dll
0x00007ff8ef9f0000 - 0x00007ff8efa07000 	C:\WINDOWS\System32\cryptsp.dll
0x00007ff8bb460000 - 0x00007ff8bb47a000 	C:\Program Files\Java\jdk1.8.0_201\jre\bin\net.dll
0x00007ff8e7630000 - 0x00007ff8e7806000 	C:\WINDOWS\SYSTEM32\urlmon.dll
0x00007ff8e5170000 - 0x00007ff8e5418000 	C:\WINDOWS\SYSTEM32\iertutil.dll
0x00007ff8ef310000 - 0x00007ff8ef31c000 	C:\WINDOWS\SYSTEM32\CRYPTBASE.DLL
0x00007ff8ef140000 - 0x00007ff8ef1a7000 	C:\WINDOWS\system32\mswsock.dll
0x00007ff8bab70000 - 0x00007ff8bab81000 	C:\Program Files\Java\jdk1.8.0_201\jre\bin\nio.dll
0x00007ff8eed00000 - 0x00007ff8eed33000 	C:\WINDOWS\system32\rsaenh.dll
0x00007ff8f0370000 - 0x00007ff8f0396000 	C:\WINDOWS\System32\bcrypt.dll
0x00007ff8ef850000 - 0x00007ff8ef878000 	C:\WINDOWS\SYSTEM32\USERENV.dll
0x00007ff8eeea0000 - 0x00007ff8eeedd000 	C:\WINDOWS\SYSTEM32\IPHLPAPI.DLL
0x00007ff8f0b50000 - 0x00007ff8f0b58000 	C:\WINDOWS\System32\NSI.dll
0x00007ff8ea2f0000 - 0x00007ff8ea306000 	C:\WINDOWS\SYSTEM32\dhcpcsvc6.DLL
0x00007ff8ea0c0000 - 0x00007ff8ea0dc000 	C:\WINDOWS\SYSTEM32\dhcpcsvc.DLL
0x00007ff8eeee0000 - 0x00007ff8eefa6000 	C:\WINDOWS\SYSTEM32\DNSAPI.dll
0x00007ff8e11d0000 - 0x00007ff8e11f9000 	C:\Users\MyPC\.vscode\extensions\redhat.java-0.44.0\server\config_win\org.eclipse.equinox.launcher\org.eclipse.equinox.launcher.win32.win32.x86_64_1.1.1000.v20190125-2016\eclipse_1801.dll
0x00007ff8e38e0000 - 0x00007ff8e38f1000 	C:\Users\MyPC\.vscode\extensions\redhat.java-0.44.0\server\config_win\org.eclipse.osgi\20\0\.cp\jWinHttp-1.0.0.dll
0x00007ff8f0ce0000 - 0x00007ff8f0e35000 	C:\WINDOWS\System32\ole32.dll
0x00007ff8e6680000 - 0x00007ff8e6771000 	C:\WINDOWS\SYSTEM32\WINHTTP.dll
0x00007ff8ac840000 - 0x00007ff8ac864000 	C:\Program Files\Java\jdk1.8.0_201\jre\bin\sunec.dll
0x00007ff8e3200000 - 0x00007ff8e320b000 	C:\Program Files\Java\jdk1.8.0_201\jre\bin\sunmscapi.dll
0x00007ff8f0140000 - 0x00007ff8f031b000 	C:\WINDOWS\System32\CRYPT32.dll
0x00007ff8ef920000 - 0x00007ff8ef932000 	C:\WINDOWS\System32\MSASN1.dll
0x00007ff8e3ce0000 - 0x00007ff8e3cea000 	C:\Windows\System32\rasadhlp.dll
0x00007ff8e5f50000 - 0x00007ff8e5fc9000 	C:\WINDOWS\System32\fwpuclnt.dll
0x00007ff8b56a0000 - 0x00007ff8b56be000 	C:\Users\MyPC\.gradle\native\25\windows-amd64\native-platform.dll
0x00007ff8e11b0000 - 0x00007ff8e11bd000 	C:\Program Files\Java\jdk1.8.0_201\jre\bin\management.dll

VM Arguments:
jvm_args: -Declipse.application=org.eclipse.jdt.ls.core.id1 -Dosgi.bundles.defaultStartLevel=4 -Declipse.product=org.eclipse.jdt.ls.core.product -Dfile.encoding=utf8 -DwatchParentProcess=false -Xverify:none -Xmx1G -XX:+UseG1GC -XX:+UseStringDeduplication 
java_command: C:\Users\MyPC\.vscode\extensions\redhat.java-0.44.0\server\plugins\org.eclipse.equinox.launcher_1.5.300.v20190213-1655.jar -configuration C:\Users\MyPC\.vscode\extensions\redhat.java-0.44.0\server\config_win -data c:\Users\MyPC\AppData\Roaming\Code\User\workspaceStorage\12e9abeb0853f7b778cdc4c2b2f186e4\redhat.java\jdt_ws
java_class_path (initial): C:\Users\MyPC\.vscode\extensions\redhat.java-0.44.0\server\plugins\org.eclipse.equinox.launcher_1.5.300.v20190213-1655.jar
Launcher Type: SUN_STANDARD

Environment Variables:
JAVA_HOME=C:\Program Files\Java\jdk1.8.0_201
CLASSPATH=.;
PATH=D:\app\MyPC\virtual\product\12.2.0\dbhome_1\bin;C:\Python27\;C:\Python27\Scripts;C:\Windows\system32;C:\Windows;C:\Windows\System32\Wbem;C:\Windows\System32\WindowsPowerShell\v1.0\;C:\Program Files (x86)\NVIDIA Corporation\PhysX\Common;C:\WINDOWS\system32;C:\WINDOWS;C:\WINDOWS\System32\Wbem;C:\WINDOWS\System32\WindowsPowerShell\v1.0\;C:\WINDOWS\System32\OpenSSH\;C:\Program Files\dotnet\;C:\Program Files\Git\cmd;C:\Program Files\NVIDIA Corporation\NVIDIA NvDLISR;C:\Program Files (x86)\VietPN;C:\ProgramData\chocolatey\bin;C:\Program Files\nodejs\;C:\Program Files\Java\jdk1.8.0_201\bin;C:\Program Files\Microsoft SQL Server\110\Tools\Binn\;C:\Program Files (x86)\Microsoft SQL Server\110\Tools\Binn\;C:\Program Files\Microsoft SQL Server\110\DTS\Binn\;C:\Program Files (x86)\Microsoft SQL Server\110\Tools\Binn\ManagementStudio\;C:\Program Files (x86)\Microsoft Visual Studio 10.0\Common7\IDE\PrivateAssemblies\;C:\Program Files (x86)\Microsoft SQL Server\110\DTS\Binn\;C:\WINDOWS\system32;C:\WINDOWS;C:\WINDOWS\System32\Wbem;C:\WINDOWS\System32\WindowsPowerShell\v1.0\;C:\WINDOWS\System32\OpenSSH\;C:\Users\MyPC\AppData\Local\Microsoft\WindowsApps;C:\Program Files\MongoDB\Server\4.0\bin;D:\Microsoft VS Code\bin;C:\Users\MyPC\.dotnet\tools;C:\Users\MyPC\AppData\Roaming\npm;%USERPROFILE%\AppData\Local\Microsoft\WindowsApps;
USERNAME=MyPC
OS=Windows_NT
PROCESSOR_IDENTIFIER=Intel64 Family 6 Model 60 Stepping 3, GenuineIntel



---------------  S Y S T E M  ---------------

OS: Windows 10.0 , 64 bit Build 17763 (10.0.17763.475)

CPU:total 4 (initial active 4) (4 cores per cpu, 1 threads per core) family 6 model 60 stepping 3, cmov, cx8, fxsr, mmx, sse, sse2, sse3, ssse3, sse4.1, sse4.2, popcnt, avx, avx2, aes, clmul, erms, lzcnt, tsc, tscinvbit, bmi1, bmi2

Memory: 4k page, physical 8305636k(408848k free), swap 16497636k(8652k free)

vm_info: Java HotSpot(TM) 64-Bit Server VM (25.201-b09) for windows-amd64 JRE (1.8.0_201-b09), built on Dec 15 2018 18:36:39 by "java_re" with MS VC++ 10.0 (VS2010)

time: Mon May 06 19:52:01 2019
timezone: SE Asia Standard Time
elapsed time: 68 seconds (0d 0h 1m 8s)

