#
# There is insufficient memory for the Java Runtime Environment to continue.
# Native memory allocation (malloc) failed to allocate 1777056 bytes for Chunk::new
# Possible reasons:
#   The system is out of physical RAM or swap space
#   The process is running with CompressedOops enabled, and the Java Heap may be blocking the growth of the native heap
# Possible solutions:
#   Reduce memory load on the system
#   Increase physical memory or swap space
#   Check if swap backing store is full
#   Decrease Java heap size (-Xmx/-Xms)
#   Decrease number of Java threads
#   Decrease Java thread stack sizes (-Xss)
#   Set larger code cache with -XX:ReservedCodeCacheSize=
#   JVM is running with Unscaled Compressed Oops mode in which the Java heap is
#     placed in the first 4GB address space. The Java Heap base address is the
#     maximum limit for the native heap growth. Please use -XX:HeapBaseMinAddress
#     to set the Java Heap base and to place the Java Heap above 4GB virtual address.
# This output file may be truncated or incomplete.
#
#  Out of Memory Error (allocation.cpp:390), pid=15464, tid=0x0000000000002e4c
#
# JRE version: Java(TM) SE Runtime Environment (8.0_201-b09) (build 1.8.0_201-b09)
# Java VM: Java HotSpot(TM) 64-Bit Server VM (25.201-b09 mixed mode windows-amd64 compressed oops)
# Failed to write core dump. Minidumps are not enabled by default on client versions of Windows
#

---------------  T H R E A D  ---------------

Current thread (0x0000000014ef9800):  JavaThread "C2 CompilerThread0" daemon [_thread_in_native, id=11852, stack(0x0000000016540000,0x0000000016640000)]

Stack: [0x0000000016540000,0x0000000016640000]
[error occurred during error reporting (printing stack bounds), id 0xc0000005]

Native frames: (J=compiled Java code, j=interpreted, Vv=VM code, C=native code)


Current CompileTask:
C2:  14718 2444       4       groovy.lang.MetaClassImpl$1MOPIter::methodNameAction (479 bytes)


---------------  P R O C E S S  ---------------

Java Threads: ( => current thread )
  0x0000000018348000 JavaThread "Cache worker for cache directory md-rule (C:\Users\MyPC\.gradle\caches\4.10.2\md-rule)" [_thread_blocked, id=6364, stack(0x000000001edf0000,0x000000001eef0000)]
  0x0000000018344800 JavaThread "Cache worker for cache directory md-supplier (C:\Users\MyPC\.gradle\caches\4.10.2\md-supplier)" [_thread_blocked, id=2244, stack(0x000000001ecf0000,0x000000001edf0000)]
  0x0000000018346800 JavaThread "Cache worker for journal cache (C:\Users\MyPC\.gradle\caches\journal-1)" [_thread_blocked, id=13368, stack(0x000000001cc00000,0x000000001cd00000)]
  0x0000000018346000 JavaThread "File lock release action executor" [_thread_blocked, id=15624, stack(0x000000001ca00000,0x000000001cb00000)]
  0x0000000018343800 JavaThread "Cache worker for file hash cache (D:\Learning\Android\MyProject\android\.gradle\4.10.2\fileHashes)" [_thread_blocked, id=2908, stack(0x000000001c900000,0x000000001ca00000)]
  0x0000000018345000 JavaThread "File lock request listener" [_thread_in_native, id=1220, stack(0x000000001c800000,0x000000001c900000)]
  0x0000000018343000 JavaThread "Cache worker for file hash cache (C:\Users\MyPC\.gradle\caches\4.10.2\fileHashes)" [_thread_blocked, id=12536, stack(0x000000001c700000,0x000000001c800000)]
  0x000000001703b000 JavaThread "Stdin handler" [_thread_blocked, id=6484, stack(0x0000000019690000,0x0000000019790000)]
  0x0000000017037800 JavaThread "Asynchronous log dispatcher for DefaultDaemonConnection: socket connection from /127.0.0.1:54537 to /127.0.0.1:54538" [_thread_blocked, id=9316, stack(0x0000000019590000,0x0000000019690000)]
  0x0000000017036800 JavaThread "Daemon worker" [_thread_in_native, id=7512, stack(0x0000000019490000,0x0000000019590000)]
  0x0000000017034800 JavaThread "Cancel handler" [_thread_blocked, id=10812, stack(0x0000000019390000,0x0000000019490000)]
  0x0000000016e70800 JavaThread "Handler for socket connection from /127.0.0.1:54537 to /127.0.0.1:54538" [_thread_in_native, id=3332, stack(0x0000000019090000,0x0000000019190000)]
  0x0000000016b2c000 JavaThread "Daemon" [_thread_blocked, id=10872, stack(0x0000000018f90000,0x0000000019090000)]
  0x0000000016ab9800 JavaThread "Daemon periodic checks" [_thread_blocked, id=9916, stack(0x0000000018e90000,0x0000000018f90000)]
  0x0000000016e54800 JavaThread "Incoming local TCP Connector on port 54537" [_thread_in_native, id=13544, stack(0x0000000018c50000,0x0000000018d50000)]
  0x0000000017753000 JavaThread "Daemon health stats" [_thread_blocked, id=13120, stack(0x0000000018610000,0x0000000018710000)]
  0x0000000016792800 JavaThread "Service Thread" daemon [_thread_blocked, id=15684, stack(0x0000000016c40000,0x0000000016d40000)]
  0x0000000016791000 JavaThread "C1 CompilerThread2" daemon [_thread_blocked, id=11116, stack(0x0000000016b40000,0x0000000016c40000)]
  0x0000000014efd000 JavaThread "C2 CompilerThread1" daemon [_thread_blocked, id=13792, stack(0x0000000016640000,0x0000000016740000)]
=>0x0000000014ef9800 JavaThread "C2 CompilerThread0" daemon [_thread_in_native, id=11852, stack(0x0000000016540000,0x0000000016640000)]
  0x0000000014ef7000 JavaThread "Attach Listener" daemon [_thread_blocked, id=12712, stack(0x0000000016440000,0x0000000016540000)]
  0x0000000014ef6000 JavaThread "Signal Dispatcher" daemon [_thread_blocked, id=7548, stack(0x0000000016340000,0x0000000016440000)]
  0x0000000002816000 JavaThread "Finalizer" daemon [_thread_blocked, id=15988, stack(0x0000000016140000,0x0000000016240000)]
  0x0000000002812800 JavaThread "Reference Handler" daemon [_thread_blocked, id=11144, stack(0x0000000016040000,0x0000000016140000)]
  0x0000000002722800 JavaThread "main" [_thread_blocked, id=11932, stack(0x0000000002470000,0x0000000002570000)]

Other Threads:
  0x0000000014eb7000 VMThread [stack: 0x0000000015f40000,0x0000000016040000] [id=7076]
  0x00000000167ae000 WatcherThread [stack: 0x0000000016d40000,0x0000000016e40000] [id=2640]

VM state:not at safepoint (normal execution)

VM Mutex/Monitor currently owned by a thread: None

heap address: 0x00000000c0000000, size: 1024 MB, Compressed Oops mode: 32-bit
Narrow klass base: 0x0000000000000000, Narrow klass shift: 3
Compressed class space size: 1073741824 Address: 0x0000000100000000

Heap:
 PSYoungGen      total 65024K, used 25084K [0x00000000eab00000, 0x00000000f3000000, 0x0000000100000000)
  eden space 59904K, 33% used [0x00000000eab00000,0x00000000ebe86168,0x00000000ee580000)
  from space 5120K, 99% used [0x00000000ef100000,0x00000000ef5f9188,0x00000000ef600000)
  to   space 11776K, 0% used [0x00000000ee580000,0x00000000ee580000,0x00000000ef100000)
 ParOldGen       total 59392K, used 13850K [0x00000000c0000000, 0x00000000c3a00000, 0x00000000eab00000)
  object space 59392K, 23% used [0x00000000c0000000,0x00000000c0d86830,0x00000000c3a00000)
 Metaspace       used 28972K, capacity 29562K, committed 29952K, reserved 1075200K
  class space    used 4040K, capacity 4256K, committed 4352K, reserved 1048576K

Card table byte_map: [0x0000000011be0000,0x0000000011df0000] byte_map_base: 0x00000000115e0000

Marking Bits: (ParMarkBitMap*) 0x000000006bec4ce0
 Begin Bits: [0x0000000012350000, 0x0000000013350000)
 End Bits:   [0x0000000013350000, 0x0000000014350000)

Polling page: 0x0000000000a30000

CodeCache: size=245760Kb used=8580Kb max_used=8581Kb free=237180Kb
 bounds [0x0000000002820000, 0x0000000003090000, 0x0000000011820000]
 total_blobs=2955 nmethods=2286 adapters=581
 compilation: enabled

Compilation events (10 events):
Event: 14.403 Thread 0x0000000016791000 nmethod 2487 0x0000000003083d90 code [0x0000000003083ee0, 0x0000000003083ff0]
Event: 14.405 Thread 0x0000000014efd000 nmethod 2480 0x0000000003087210 code [0x00000000030873a0, 0x00000000030878d8]
Event: 14.405 Thread 0x0000000014efd000 2483       4       org.objectweb.asm.ByteVector::putByte (39 bytes)
Event: 14.405 Thread 0x0000000016791000 2488       3       org.gradle.internal.reflect.ReflectionCache$WeaklyClassReferencingCache::fetchNext (35 bytes)
Event: 14.405 Thread 0x0000000014efd000 nmethod 2483 0x0000000003084190 code [0x00000000030842e0, 0x0000000003084408]
Event: 14.406 Thread 0x0000000016791000 nmethod 2488 0x0000000003086450 code [0x0000000003086640, 0x0000000003086e08]
Event: 14.500 Thread 0x0000000016791000 2489       3       java.lang.reflect.Method::acquireMethodAccessor (44 bytes)
Event: 14.500 Thread 0x0000000016791000 nmethod 2489 0x0000000003085a90 code [0x0000000003085c20, 0x0000000003086278]
Event: 14.561 Thread 0x0000000016791000 2490       1       com.google.common.base.Suppliers$SupplierOfInstance::get (5 bytes)
Event: 14.561 Thread 0x0000000016791000 nmethod 2490 0x00000000030857d0 code [0x0000000003085920, 0x0000000003085a30]

GC Heap History (10 events):
Event: 3.757 GC heap before
{Heap before GC invocations=3 (full 0):
 PSYoungGen      total 38400K, used 38369K [0x00000000eab00000, 0x00000000ed580000, 0x0000000100000000)
  eden space 33280K, 100% used [0x00000000eab00000,0x00000000ecb80000,0x00000000ecb80000)
  from space 5120K, 99% used [0x00000000ed080000,0x00000000ed5785d8,0x00000000ed580000)
  to   space 5120K, 0% used [0x00000000ecb80000,0x00000000ecb80000,0x00000000ed080000)
 ParOldGen       total 87552K, used 16K [0x00000000c0000000, 0x00000000c5580000, 0x00000000eab00000)
  object space 87552K, 0% used [0x00000000c0000000,0x00000000c0004000,0x00000000c5580000)
 Metaspace       used 13747K, capacity 13992K, committed 14208K, reserved 1060864K
  class space    used 1976K, capacity 2092K, committed 2176K, reserved 1048576K
Event: 3.911 GC heap after
Heap after GC invocations=3 (full 0):
 PSYoungGen      total 38400K, used 5109K [0x00000000eab00000, 0x00000000ef600000, 0x0000000100000000)
  eden space 33280K, 0% used [0x00000000eab00000,0x00000000eab00000,0x00000000ecb80000)
  from space 5120K, 99% used [0x00000000ecb80000,0x00000000ed07d698,0x00000000ed080000)
  to   space 5120K, 0% used [0x00000000ef100000,0x00000000ef100000,0x00000000ef600000)
 ParOldGen       total 87552K, used 2080K [0x00000000c0000000, 0x00000000c5580000, 0x00000000eab00000)
  object space 87552K, 2% used [0x00000000c0000000,0x00000000c02083a0,0x00000000c5580000)
 Metaspace       used 13747K, capacity 13992K, committed 14208K, reserved 1060864K
  class space    used 1976K, capacity 2092K, committed 2176K, reserved 1048576K
}
Event: 6.411 GC heap before
{Heap before GC invocations=4 (full 0):
 PSYoungGen      total 38400K, used 38389K [0x00000000eab00000, 0x00000000ef600000, 0x0000000100000000)
  eden space 33280K, 100% used [0x00000000eab00000,0x00000000ecb80000,0x00000000ecb80000)
  from space 5120K, 99% used [0x00000000ecb80000,0x00000000ed07d698,0x00000000ed080000)
  to   space 5120K, 0% used [0x00000000ef100000,0x00000000ef100000,0x00000000ef600000)
 ParOldGen       total 87552K, used 2080K [0x00000000c0000000, 0x00000000c5580000, 0x00000000eab00000)
  object space 87552K, 2% used [0x00000000c0000000,0x00000000c02083a0,0x00000000c5580000)
 Metaspace       used 16718K, capacity 17046K, committed 17280K, reserved 1064960K
  class space    used 2465K, capacity 2645K, committed 2688K, reserved 1048576K
Event: 6.420 GC heap after
Heap after GC invocations=4 (full 0):
 PSYoungGen      total 71680K, used 5104K [0x00000000eab00000, 0x00000000ef600000, 0x0000000100000000)
  eden space 66560K, 0% used [0x00000000eab00000,0x00000000eab00000,0x00000000eec00000)
  from space 5120K, 99% used [0x00000000ef100000,0x00000000ef5fc050,0x00000000ef600000)
  to   space 5120K, 0% used [0x00000000eec00000,0x00000000eec00000,0x00000000ef100000)
 ParOldGen       total 87552K, used 5283K [0x00000000c0000000, 0x00000000c5580000, 0x00000000eab00000)
  object space 87552K, 6% used [0x00000000c0000000,0x00000000c0528fd8,0x00000000c5580000)
 Metaspace       used 16718K, capacity 17046K, committed 17280K, reserved 1064960K
  class space    used 2465K, capacity 2645K, committed 2688K, reserved 1048576K
}
Event: 9.855 GC heap before
{Heap before GC invocations=5 (full 0):
 PSYoungGen      total 71680K, used 42233K [0x00000000eab00000, 0x00000000ef600000, 0x0000000100000000)
  eden space 66560K, 55% used [0x00000000eab00000,0x00000000ecf424b0,0x00000000eec00000)
  from space 5120K, 99% used [0x00000000ef100000,0x00000000ef5fc050,0x00000000ef600000)
  to   space 5120K, 0% used [0x00000000eec00000,0x00000000eec00000,0x00000000ef100000)
 ParOldGen       total 87552K, used 5283K [0x00000000c0000000, 0x00000000c5580000, 0x00000000eab00000)
  object space 87552K, 6% used [0x00000000c0000000,0x00000000c0528fd8,0x00000000c5580000)
 Metaspace       used 20759K, capacity 21186K, committed 21296K, reserved 1067008K
  class space    used 3003K, capacity 3179K, committed 3200K, reserved 1048576K
Event: 9.871 GC heap after
Heap after GC invocations=5 (full 0):
 PSYoungGen      total 71680K, used 5088K [0x00000000eab00000, 0x00000000ef600000, 0x0000000100000000)
  eden space 66560K, 0% used [0x00000000eab00000,0x00000000eab00000,0x00000000eec00000)
  from space 5120K, 99% used [0x00000000eec00000,0x00000000ef0f8050,0x00000000ef100000)
  to   space 5120K, 0% used [0x00000000ef100000,0x00000000ef100000,0x00000000ef600000)
 ParOldGen       total 87552K, used 10947K [0x00000000c0000000, 0x00000000c5580000, 0x00000000eab00000)
  object space 87552K, 12% used [0x00000000c0000000,0x00000000c0ab0ed0,0x00000000c5580000)
 Metaspace       used 20759K, capacity 21186K, committed 21296K, reserved 1067008K
  class space    used 3003K, capacity 3179K, committed 3200K, reserved 1048576K
}
Event: 9.871 GC heap before
{Heap before GC invocations=6 (full 1):
 PSYoungGen      total 71680K, used 5088K [0x00000000eab00000, 0x00000000ef600000, 0x0000000100000000)
  eden space 66560K, 0% used [0x00000000eab00000,0x00000000eab00000,0x00000000eec00000)
  from space 5120K, 99% used [0x00000000eec00000,0x00000000ef0f8050,0x00000000ef100000)
  to   space 5120K, 0% used [0x00000000ef100000,0x00000000ef100000,0x00000000ef600000)
 ParOldGen       total 87552K, used 10947K [0x00000000c0000000, 0x00000000c5580000, 0x00000000eab00000)
  object space 87552K, 12% used [0x00000000c0000000,0x00000000c0ab0ed0,0x00000000c5580000)
 Metaspace       used 20759K, capacity 21186K, committed 21296K, reserved 1067008K
  class space    used 3003K, capacity 3179K, committed 3200K, reserved 1048576K
Event: 9.929 GC heap after
Heap after GC invocations=6 (full 1):
 PSYoungGen      total 71680K, used 0K [0x00000000eab00000, 0x00000000ef600000, 0x0000000100000000)
  eden space 66560K, 0% used [0x00000000eab00000,0x00000000eab00000,0x00000000eec00000)
  from space 5120K, 0% used [0x00000000eec00000,0x00000000eec00000,0x00000000ef100000)
  to   space 5120K, 0% used [0x00000000ef100000,0x00000000ef100000,0x00000000ef600000)
 ParOldGen       total 59392K, used 11055K [0x00000000c0000000, 0x00000000c3a00000, 0x00000000eab00000)
  object space 59392K, 18% used [0x00000000c0000000,0x00000000c0acbe78,0x00000000c3a00000)
 Metaspace       used 20759K, capacity 21186K, committed 21296K, reserved 1067008K
  class space    used 3003K, capacity 3179K, committed 3200K, reserved 1048576K
}
Event: 14.318 GC heap before
{Heap before GC invocations=7 (full 1):
 PSYoungGen      total 71680K, used 66560K [0x00000000eab00000, 0x00000000ef600000, 0x0000000100000000)
  eden space 66560K, 100% used [0x00000000eab00000,0x00000000eec00000,0x00000000eec00000)
  from space 5120K, 0% used [0x00000000eec00000,0x00000000eec00000,0x00000000ef100000)
  to   space 5120K, 0% used [0x00000000ef100000,0x00000000ef100000,0x00000000ef600000)
 ParOldGen       total 59392K, used 11055K [0x00000000c0000000, 0x00000000c3a00000, 0x00000000eab00000)
  object space 59392K, 18% used [0x00000000c0000000,0x00000000c0acbe78,0x00000000c3a00000)
 Metaspace       used 28150K, capacity 28666K, committed 28928K, reserved 1075200K
  class space    used 3882K, capacity 4064K, committed 4096K, reserved 1048576K
Event: 14.324 GC heap after
Heap after GC invocations=7 (full 1):
 PSYoungGen      total 65024K, used 5092K [0x00000000eab00000, 0x00000000f3000000, 0x0000000100000000)
  eden space 59904K, 0% used [0x00000000eab00000,0x00000000eab00000,0x00000000ee580000)
  from space 5120K, 99% used [0x00000000ef100000,0x00000000ef5f9188,0x00000000ef600000)
  to   space 11776K, 0% used [0x00000000ee580000,0x00000000ee580000,0x00000000ef100000)
 ParOldGen       total 59392K, used 13850K [0x00000000c0000000, 0x00000000c3a00000, 0x00000000eab00000)
  object space 59392K, 23% used [0x00000000c0000000,0x00000000c0d86830,0x00000000c3a00000)
 Metaspace       used 28150K, capacity 28666K, committed 28928K, reserved 1075200K
  class space    used 3882K, capacity 4064K, committed 4096K, reserved 1048576K
}

Deoptimization events (10 events):
Event: 12.357 Thread 0x0000000017036800 Uncommon trap: reason=unstable_if action=reinterpret pc=0x0000000002ca08e0 method=java.util.HashMap.hash(Ljava/lang/Object;)I @ 1
Event: 12.453 Thread 0x0000000017036800 Uncommon trap: reason=unstable_if action=reinterpret pc=0x0000000002a8ab78 method=java.util.HashMap.getNode(ILjava/lang/Object;)Ljava/util/HashMap$Node; @ 53
Event: 12.453 Thread 0x0000000017036800 Uncommon trap: reason=unstable_if action=reinterpret pc=0x0000000002a98730 method=java.util.HashMap.hash(Ljava/lang/Object;)I @ 1
Event: 12.453 Thread 0x0000000017036800 Uncommon trap: reason=unstable_if action=reinterpret pc=0x0000000002e2bc78 method=java.util.HashMap.putVal(ILjava/lang/Object;Ljava/lang/Object;ZZ)Ljava/lang/Object; @ 85
Event: 12.489 Thread 0x0000000017036800 Uncommon trap: reason=unstable_if action=reinterpret pc=0x0000000002ae2170 method=java.util.LinkedHashMap.afterNodeInsertion(Z)V @ 1
Event: 13.220 Thread 0x0000000017036800 Uncommon trap: reason=class_check action=maybe_recompile pc=0x0000000002e5ae88 method=sun.misc.URLClassPath.getLoader(I)Lsun/misc/URLClassPath$Loader; @ 94
Event: 13.364 Thread 0x0000000017036800 Uncommon trap: reason=class_check action=maybe_recompile pc=0x0000000002e4bf74 method=sun.misc.URLClassPath.getLoader(I)Lsun/misc/URLClassPath$Loader; @ 239
Event: 13.843 Thread 0x0000000017036800 Uncommon trap: reason=unstable_if action=reinterpret pc=0x0000000003013060 method=org.codehaus.groovy.runtime.metaclass.MetaMethodIndex.addMethodToList(Ljava/lang/Object;Lgroovy/lang/MetaMethod;)Ljava/lang/Object; @ 226
Event: 14.284 Thread 0x0000000017036800 Uncommon trap: reason=unstable_if action=reinterpret pc=0x0000000002abc83c method=java.io.WinNTFileSystem.resolve(Ljava/lang/String;Ljava/lang/String;)Ljava/lang/String; @ 49
Event: 14.325 Thread 0x0000000002812800 Uncommon trap: reason=unstable_if action=reinterpret pc=0x0000000002d847fc method=java.lang.ref.Reference.tryHandlePending(Z)Z @ 104

Classes redefined (0 events):
No events

Internal exceptions (10 events):
Event: 14.368 Thread 0x0000000017036800 Exception <a 'java/lang/ClassNotFoundException': org/gradle/api/internal/DefaultNamedDomainObjectCollectionBeanInfo> (0x00000000eae8a918) thrown at [C:\re\workspace\8-2-build-windows-amd64-cygwin\jdk8u201\12322\hotspot\src\share\vm\classfile\systemDiction
Event: 14.368 Thread 0x0000000017036800 Exception <a 'java/lang/ClassNotFoundException': org/gradle/api/internal/DefaultDomainObjectCollectionBeanInfo> (0x00000000eaeb9360) thrown at [C:\re\workspace\8-2-build-windows-amd64-cygwin\jdk8u201\12322\hotspot\src\share\vm\classfile\systemDictionary.c
Event: 14.369 Thread 0x0000000017036800 Exception <a 'java/lang/ClassNotFoundException': java/util/AbstractCollectionBeanInfo> (0x00000000eaebd368) thrown at [C:\re\workspace\8-2-build-windows-amd64-cygwin\jdk8u201\12322\hotspot\src\share\vm\classfile\systemDictionary.cpp, line 210]
Event: 14.369 Thread 0x0000000017036800 Exception <a 'java/lang/ClassNotFoundException': java/util/AbstractCollectionCustomizer> (0x00000000eaec1380) thrown at [C:\re\workspace\8-2-build-windows-amd64-cygwin\jdk8u201\12322\hotspot\src\share\vm\classfile\systemDictionary.cpp, line 210]
Event: 14.370 Thread 0x0000000017036800 Exception <a 'java/lang/ClassNotFoundException': org/gradle/api/internal/DefaultDomainObjectCollectionCustomizer> (0x00000000eaefc678) thrown at [C:\re\workspace\8-2-build-windows-amd64-cygwin\jdk8u201\12322\hotspot\src\share\vm\classfile\systemDictionary
Event: 14.372 Thread 0x0000000017036800 Exception <a 'java/lang/ClassNotFoundException': org/gradle/api/internal/DefaultNamedDomainObjectCollectionCustomizer> (0x00000000eaf57b70) thrown at [C:\re\workspace\8-2-build-windows-amd64-cygwin\jdk8u201\12322\hotspot\src\share\vm\classfile\systemDicti
Event: 14.375 Thread 0x0000000017036800 Exception <a 'java/lang/ClassNotFoundException': org/gradle/api/internal/DefaultNamedDomainObjectListCustomizer> (0x00000000eafcde70) thrown at [C:\re\workspace\8-2-build-windows-amd64-cygwin\jdk8u201\12322\hotspot\src\share\vm\classfile\systemDictionary.
Event: 14.376 Thread 0x0000000017036800 Exception <a 'java/lang/ClassNotFoundException': org/gradle/api/internal/artifacts/DefaultArtifactRepositoryContainerCustomizer> (0x00000000eb041c10) thrown at [C:\re\workspace\8-2-build-windows-amd64-cygwin\jdk8u201\12322\hotspot\src\share\vm\classfile\s
Event: 14.377 Thread 0x0000000017036800 Exception <a 'java/lang/ClassNotFoundException': org/gradle/api/internal/artifacts/dsl/DefaultRepositoryHandlerCustomizer> (0x00000000eb0a7c88) thrown at [C:\re\workspace\8-2-build-windows-amd64-cygwin\jdk8u201\12322\hotspot\src\share\vm\classfile\systemD
Event: 14.378 Thread 0x0000000017036800 Exception <a 'java/lang/ClassNotFoundException': org/gradle/api/internal/artifacts/dsl/DefaultRepositoryHandler_DecoratedCustomizer> (0x00000000eb117178) thrown at [C:\re\workspace\8-2-build-windows-amd64-cygwin\jdk8u201\12322\hotspot\src\share\vm\classfi

Events (10 events):
Event: 14.581 loading class org/gradle/api/internal/resolve/LibraryResolutionErrorMessageBuilder
Event: 14.581 loading class org/gradle/api/internal/resolve/LibraryResolutionErrorMessageBuilder done
Event: 14.581 loading class org/gradle/api/internal/resolve/LocalLibraryMetaDataAdapter
Event: 14.581 loading class org/gradle/api/internal/resolve/LocalLibraryMetaDataAdapter done
Event: 14.582 loading class org/gradle/api/internal/resolve/VariantBinarySelector
Event: 14.582 loading class org/gradle/api/internal/resolve/VariantBinarySelector done
Event: 14.582 loading class org/gradle/api/internal/resolve/LocalLibraryResolver
Event: 14.582 loading class org/gradle/api/internal/resolve/LocalLibraryResolver done
Event: 14.582 loading class org/gradle/api/internal/artifacts/ivyservice/resolveengine/result/DesugaredAttributeContainerSerializer
Event: 14.582 loading class org/gradle/api/internal/artifacts/ivyservice/resolveengine/result/DesugaredAttributeContainerSerializer done


Dynamic libraries:
0x00007ff7205b0000 - 0x00007ff7205e7000 	C:\Program Files\Java\jdk1.8.0_201\bin\java.exe
0x00007ff8f3920000 - 0x00007ff8f3b0d000 	C:\WINDOWS\SYSTEM32\ntdll.dll
0x00007ff8f0e40000 - 0x00007ff8f0ef3000 	C:\WINDOWS\System32\KERNEL32.DLL
0x00007ff8efb40000 - 0x00007ff8efdd3000 	C:\WINDOWS\System32\KERNELBASE.dll
0x00007ff8f0fc0000 - 0x00007ff8f1063000 	C:\WINDOWS\System32\ADVAPI32.dll
0x00007ff8f3850000 - 0x00007ff8f38ee000 	C:\WINDOWS\System32\msvcrt.dll
0x00007ff8f2d80000 - 0x00007ff8f2e1e000 	C:\WINDOWS\System32\sechost.dll
0x00007ff8f0b60000 - 0x00007ff8f0c82000 	C:\WINDOWS\System32\RPCRT4.dll
0x00007ff8f3500000 - 0x00007ff8f3697000 	C:\WINDOWS\System32\USER32.dll
0x00007ff8efde0000 - 0x00007ff8efe00000 	C:\WINDOWS\System32\win32u.dll
0x00007ff8f2aa0000 - 0x00007ff8f2ac9000 	C:\WINDOWS\System32\GDI32.dll
0x00007ff8effa0000 - 0x00007ff8f013a000 	C:\WINDOWS\System32\gdi32full.dll
0x00007ff8eff00000 - 0x00007ff8effa0000 	C:\WINDOWS\System32\msvcp_win.dll
0x00007ff8efe00000 - 0x00007ff8efefa000 	C:\WINDOWS\System32\ucrtbase.dll
0x00007ff8e56f0000 - 0x00007ff8e5969000 	C:\WINDOWS\WinSxS\amd64_microsoft.windows.common-controls_6595b64144ccf1df_6.0.17763.475_none_05b43ca607202c6c\COMCTL32.dll
0x00007ff8f2570000 - 0x00007ff8f289c000 	C:\WINDOWS\System32\combase.dll
0x00007ff8efa10000 - 0x00007ff8efa8e000 	C:\WINDOWS\System32\bcryptPrimitives.dll
0x00007ff8f0c90000 - 0x00007ff8f0cbe000 	C:\WINDOWS\System32\IMM32.DLL
0x000000006bf50000 - 0x000000006c021000 	C:\Program Files\Java\jdk1.8.0_201\jre\bin\msvcr100.dll
0x000000006b6a0000 - 0x000000006bf44000 	C:\Program Files\Java\jdk1.8.0_201\jre\bin\server\jvm.dll
0x00007ff8f1070000 - 0x00007ff8f1078000 	C:\WINDOWS\System32\PSAPI.DLL
0x00007ff8cfd90000 - 0x00007ff8cfd99000 	C:\WINDOWS\SYSTEM32\WSOCK32.dll
0x00007ff8f33d0000 - 0x00007ff8f343d000 	C:\WINDOWS\System32\WS2_32.dll
0x00007ff8edce0000 - 0x00007ff8edd04000 	C:\WINDOWS\SYSTEM32\WINMM.dll
0x00007ff8eb010000 - 0x00007ff8eb01a000 	C:\WINDOWS\SYSTEM32\VERSION.dll
0x00007ff8edcb0000 - 0x00007ff8edcdd000 	C:\WINDOWS\SYSTEM32\WINMMBASE.dll
0x00007ff8f0320000 - 0x00007ff8f036a000 	C:\WINDOWS\System32\cfgmgr32.dll
0x00007ff8e67a0000 - 0x00007ff8e67af000 	C:\Program Files\Java\jdk1.8.0_201\jre\bin\verify.dll
0x00007ff8bb690000 - 0x00007ff8bb6b9000 	C:\Program Files\Java\jdk1.8.0_201\jre\bin\java.dll
0x00007ff8c5f30000 - 0x00007ff8c5f46000 	C:\Program Files\Java\jdk1.8.0_201\jre\bin\zip.dll
0x00007ff8f1080000 - 0x00007ff8f2570000 	C:\WINDOWS\System32\SHELL32.dll
0x00007ff8f2c00000 - 0x00007ff8f2ca8000 	C:\WINDOWS\System32\shcore.dll
0x00007ff8f0400000 - 0x00007ff8f0b4a000 	C:\WINDOWS\System32\windows.storage.dll
0x00007ff8ef940000 - 0x00007ff8ef964000 	C:\WINDOWS\System32\profapi.dll
0x00007ff8ef970000 - 0x00007ff8ef9cd000 	C:\WINDOWS\System32\powrprof.dll
0x00007ff8f3440000 - 0x00007ff8f3492000 	C:\WINDOWS\System32\shlwapi.dll
0x00007ff8ef9d0000 - 0x00007ff8ef9e1000 	C:\WINDOWS\System32\kernel.appcore.dll
0x00007ff8ef9f0000 - 0x00007ff8efa07000 	C:\WINDOWS\System32\cryptsp.dll
0x00007ff8bb460000 - 0x00007ff8bb47a000 	C:\Program Files\Java\jdk1.8.0_201\jre\bin\net.dll
0x00007ff8e7630000 - 0x00007ff8e7806000 	C:\WINDOWS\SYSTEM32\urlmon.dll
0x00007ff8e5170000 - 0x00007ff8e5418000 	C:\WINDOWS\SYSTEM32\iertutil.dll
0x00007ff8ef310000 - 0x00007ff8ef31c000 	C:\WINDOWS\SYSTEM32\CRYPTBASE.DLL
0x00007ff8ef140000 - 0x00007ff8ef1a7000 	C:\WINDOWS\system32\mswsock.dll
0x00007ff8bab70000 - 0x00007ff8bab81000 	C:\Program Files\Java\jdk1.8.0_201\jre\bin\nio.dll
0x00007ff8b56a0000 - 0x00007ff8b56be000 	C:\Users\MyPC\.gradle\native\25\windows-amd64\native-platform.dll
0x00007ff8e11b0000 - 0x00007ff8e11bd000 	C:\Program Files\Java\jdk1.8.0_201\jre\bin\management.dll
0x00007ff8eed00000 - 0x00007ff8eed33000 	C:\WINDOWS\system32\rsaenh.dll
0x00007ff8f0370000 - 0x00007ff8f0396000 	C:\WINDOWS\System32\bcrypt.dll
0x00007ff8ef850000 - 0x00007ff8ef878000 	C:\WINDOWS\SYSTEM32\USERENV.dll
0x00007ff8eeea0000 - 0x00007ff8eeedd000 	C:\WINDOWS\SYSTEM32\IPHLPAPI.DLL
0x00007ff8f0b50000 - 0x00007ff8f0b58000 	C:\WINDOWS\System32\NSI.dll
0x00007ff8ea2f0000 - 0x00007ff8ea306000 	C:\WINDOWS\SYSTEM32\dhcpcsvc6.DLL
0x00007ff8ea0c0000 - 0x00007ff8ea0dc000 	C:\WINDOWS\SYSTEM32\dhcpcsvc.DLL
0x00007ff8eeee0000 - 0x00007ff8eefa6000 	C:\WINDOWS\SYSTEM32\DNSAPI.dll

VM Arguments:
jvm_args: -XX:+HeapDumpOnOutOfMemoryError -Xmx1024m -Dfile.encoding=utf8 -Duser.country=US -Duser.language=en -Duser.variant 
java_command: org.gradle.launcher.daemon.bootstrap.GradleDaemon 4.10.2
java_class_path (initial): C:\Users\MyPC\.gradle\wrapper\dists\gradle-4.10.2-all\9fahxiiecdb76a5g3aw9oi8rv\gradle-4.10.2\lib\gradle-launcher-4.10.2.jar
Launcher Type: SUN_STANDARD

Environment Variables:
JAVA_HOME=C:\Program Files\Java\jdk1.8.0_201
CLASSPATH=.;
PATH=D:\app\MyPC\virtual\product\12.2.0\dbhome_1\bin;C:\Python27\;C:\Python27\Scripts;C:\Windows\system32;C:\Windows;C:\Windows\System32\Wbem;C:\Windows\System32\WindowsPowerShell\v1.0\;C:\Program Files (x86)\NVIDIA Corporation\PhysX\Common;C:\WINDOWS\system32;C:\WINDOWS;C:\WINDOWS\System32\Wbem;C:\WINDOWS\System32\WindowsPowerShell\v1.0\;C:\WINDOWS\System32\OpenSSH\;C:\Program Files\dotnet\;C:\Program Files\Git\cmd;C:\Program Files\NVIDIA Corporation\NVIDIA NvDLISR;C:\Program Files (x86)\VietPN;C:\ProgramData\chocolatey\bin;C:\Program Files\nodejs\;C:\Program Files\Java\jdk1.8.0_201\bin;C:\Program Files\Microsoft SQL Server\110\Tools\Binn\;C:\Program Files (x86)\Microsoft SQL Server\110\Tools\Binn\;C:\Program Files\Microsoft SQL Server\110\DTS\Binn\;C:\Program Files (x86)\Microsoft SQL Server\110\Tools\Binn\ManagementStudio\;C:\Program Files (x86)\Microsoft Visual Studio 10.0\Common7\IDE\PrivateAssemblies\;C:\Program Files (x86)\Microsoft SQL Server\110\DTS\Binn\;C:\WINDOWS\system32;C:\WINDOWS;C:\WINDOWS\System32\Wbem;C:\WINDOWS\System32\WindowsPowerShell\v1.0\;C:\WINDOWS\System32\OpenSSH\;C:\Users\MyPC\AppData\Local\Microsoft\WindowsApps;C:\Program Files\MongoDB\Server\4.0\bin;D:\Microsoft VS Code\bin;C:\Users\MyPC\.dotnet\tools;C:\Users\MyPC\AppData\Roaming\npm;%USERPROFILE%\AppData\Local\Microsoft\WindowsApps;
USERNAME=MyPC
OS=Windows_NT
PROCESSOR_IDENTIFIER=Intel64 Family 6 Model 60 Stepping 3, GenuineIntel



---------------  S Y S T E M  ---------------

OS: Windows 10.0 , 64 bit Build 17763 (10.0.17763.475)

CPU:total 4 (initial active 4) (4 cores per cpu, 1 threads per core) family 6 model 60 stepping 3, cmov, cx8, fxsr, mmx, sse, sse2, sse3, ssse3, sse4.1, sse4.2, popcnt, avx, avx2, aes, clmul, erms, lzcnt, tsc, tscinvbit, bmi1, bmi2

Memory: 4k page, physical 8305636k(484016k free), swap 16497636k(5672k free)

vm_info: Java HotSpot(TM) 64-Bit Server VM (25.201-b09) for windows-amd64 JRE (1.8.0_201-b09), built on Dec 15 2018 18:36:39 by "java_re" with MS VC++ 10.0 (VS2010)

time: Mon May 06 19:51:33 2019
timezone: SE Asia Standard Time
elapsed time: 14 seconds (0d 0h 0m 14s)

