JvmtiExport can_access_local_variables 0
JvmtiExport can_hotswap_or_post_breakpoint 0
JvmtiExport can_post_on_exceptions 0
# 209 ciObject found
ciMethod org/eclipse/jdt/internal/core/util/SimpleWordSet <init> (I)V 1121 1 2779 0 -1
ciMethod org/eclipse/jdt/internal/core/util/SimpleWordSet add ([C)[C 2049 1273 6447 0 -1
ciMethod org/eclipse/jdt/internal/compiler/util/HashtableOfObject <init> (I)V 209 1 573 0 -1
ciMethod org/eclipse/jdt/internal/compiler/util/HashtableOfObject get ([C)Ljava/lang/Object; 2665 2641 5471 0 -1
ciMethod org/eclipse/jdt/internal/compiler/util/HashtableOfObject put ([CLjava/lang/Object;)Ljava/lang/Object; 585 153 1368 0 -1
ciMethod org/eclipse/jdt/core/search/SearchDocument addIndexEntry ([C[C)V 2801 1 28814 0 0
ciMethod org/eclipse/jdt/core/search/SearchDocument getContainerRelativePath ()Ljava/lang/String; 2857 1 12077 0 352
ciMethod org/eclipse/jdt/core/search/SearchDocument getPath ()Ljava/lang/String; 1025 1 128 0 0
ciMethod org/eclipse/jdt/internal/core/search/indexing/AbstractIndexer addConstructorReference ([CI)V 1761 1 729 0 0
ciMethod org/eclipse/jdt/internal/core/search/indexing/AbstractIndexer addFieldReference ([C)V 1561 1 823 0 0
ciMethod org/eclipse/jdt/internal/core/search/indexing/AbstractIndexer addIndexEntry ([C[C)V 2801 1 28587 0 0
ciMethod org/eclipse/jdt/internal/core/search/indexing/AbstractIndexer addMethodReference ([CI)V 2049 1 3294 0 0
ciMethod org/eclipse/jdt/internal/core/search/indexing/AbstractIndexer addNameReference ([C)V 2057 1 18595 0 0
ciMethod org/eclipse/jdt/internal/core/search/indexing/AbstractIndexer addTypeReference ([C)V 2329 1 6706 0 0
ciMethod java/lang/String <init> ([C)V 1857 1 35835 0 -1
ciMethod java/lang/String length ()I 4097 1 796897 0 -1
ciMethod java/lang/String equals (Ljava/lang/Object;)Z 2049 8097 6638 0 -1
ciMethod java/lang/String indexOf (Ljava/lang/String;)I 2049 1 34335 0 -1
ciMethod java/lang/String substring (I)Ljava/lang/String; 2073 1 5752 0 -1
ciMethod java/lang/String toCharArray ()[C 2049 1 34659 0 -1
ciMethod java/lang/String valueOf (I)Ljava/lang/String; 489 1 61 0 -1
ciMethod java/lang/System arraycopy (Ljava/lang/Object;ILjava/lang/Object;II)V 5121 1 640 0 -1
ciMethod java/lang/StringBuffer <init> (I)V 1025 1 16367 0 -1
ciMethod java/lang/StringBuffer length ()I 1065 1 133 0 -1
ciMethod java/lang/StringBuffer getChars (II[CI)V 2049 1 331 0 -1
ciMethod java/lang/StringBuilder <init> (Ljava/lang/String;)V 2057 1 24402 0 -1
ciMethod java/lang/StringBuilder append (Ljava/lang/String;)Ljava/lang/StringBuilder; 2049 1 234518 0 -1
ciMethod java/lang/StringBuilder toString ()Ljava/lang/String; 1009 1 129145 0 -1
ciMethod org/eclipse/jdt/internal/compiler/util/SimpleLookupTable get (Ljava/lang/Object;)Ljava/lang/Object; 657 497 343 0 -1
ciMethod org/eclipse/jdt/internal/compiler/util/SimpleLookupTable put (Ljava/lang/Object;Ljava/lang/Object;)Ljava/lang/Object; 4097 281 35217 0 -1
ciMethod org/eclipse/jdt/core/compiler/CharOperation concat ([C[C)[C 2777 1 6249 0 0
ciMethod org/eclipse/jdt/core/compiler/CharOperation equals ([C[C)Z 1337 26409 9383 0 352
ciMethod org/eclipse/jdt/core/compiler/CharOperation indexOf (C[CI)I 889 25153 3330 0 256
ciMethod org/eclipse/jdt/core/compiler/CharOperation lastIndexOf (C[C)I 2049 25497 5741 0 256
ciMethod org/eclipse/jdt/core/compiler/CharOperation lastSegment ([CC)[C 3033 1 9379 0 0
ciMethod org/eclipse/jdt/core/compiler/CharOperation replaceOnCopy ([CCC)[C 1025 23665 780 0 736
ciMethod org/eclipse/jdt/core/compiler/CharOperation splitOn (C[C)[[C 1129 218209 1629 0 2464
ciMethod org/eclipse/jdt/core/compiler/CharOperation subarray ([CII)[C 2089 1 6787 0 544
ciMethod org/eclipse/jdt/core/Signature consumeWhitespace ([CII)I 2017 505 144 0 -1
ciMethod org/eclipse/jdt/core/Signature createCharArrayTypeSignature ([CZ)[C 129 1 36 0 0
ciMethod org/eclipse/jdt/core/Signature encodeTypeSignature ([CIZILjava/lang/StringBuffer;)I 505 1 36 0 -1
ciMethodData org/eclipse/jdt/core/compiler/CharOperation equals ([C[C)Z 2 86852 orig 264 88 131 200 107 0 0 0 0 80 212 40 29 0 0 0 0 40 2 0 0 0 0 0 0 0 0 0 0 0 0 0 0 0